"../../../Engine/Plugins/Animation/ACLPlugin/Content/ACLAnimCurveCompressionSettings.uasset" 0
"../../../Engine/Plugins/Animation/ACLPlugin/Content/ACLAnimCurveCompressionSettings.uexp" 1
"../../../Engine/Plugins/Animation/ACLPlugin/Content/ACLAnimBoneCompressionSettings.uasset" 2
"../../../Engine/Plugins/Animation/ACLPlugin/Content/ACLAnimBoneCompressionSettings.uexp" 3
"../../../Engine/Plugins/2D/Paper2D/Content/PlaceholderTextures/DummySpriteTexture.ubulk" 4
"../../../Engine/Plugins/2D/Paper2D/Content/PlaceholderTextures/DummySpriteTexture.uasset" 5
"../../../Engine/Plugins/2D/Paper2D/Content/PlaceholderTextures/DummySpriteTexture.uexp" 6
"../../../Engine/Plugins/2D/Paper2D/Content/DummySprite.uasset" 7
"../../../Engine/Plugins/2D/Paper2D/Content/DummySprite.uexp" 8
"../../../Engine/Plugins/2D/Paper2D/Content/DefaultPaperTerrainMaterial.uasset" 9
"../../../Engine/Plugins/2D/Paper2D/Content/DefaultPaperTerrainMaterial.uexp" 10
"../../../Engine/Plugins/Interchange/Runtime/Content/Pipelines/DefaultTexturePipeline.uasset" 11
"../../../Engine/Plugins/Interchange/Runtime/Content/Pipelines/DefaultTexturePipeline.uexp" 12
"../../../Engine/Plugins/Interchange/Runtime/Content/Pipelines/DefaultSceneLevelPipeline.uasset" 13
"../../../Engine/Plugins/Interchange/Runtime/Content/Pipelines/DefaultSceneLevelPipeline.uexp" 14
"../../../Engine/Plugins/Interchange/Runtime/Content/Pipelines/DefaultSceneAssetsPipeline.uasset" 15
"../../../Engine/Plugins/Interchange/Runtime/Content/Pipelines/DefaultSceneAssetsPipeline.uexp" 16
"../../../Engine/Plugins/Interchange/Runtime/Content/Pipelines/DefaultMaterialXPipeline.uasset" 17
"../../../Engine/Plugins/Interchange/Runtime/Content/Pipelines/DefaultMaterialXPipeline.uexp" 18
"../../../Engine/Plugins/Interchange/Runtime/Content/Pipelines/DefaultMaterialPipeline.uasset" 19
"../../../Engine/Plugins/Interchange/Runtime/Content/Pipelines/DefaultMaterialPipeline.uexp" 20
"../../../Engine/Plugins/Interchange/Runtime/Content/Pipelines/DefaultGLTFSceneAssetsPipeline.uasset" 21
"../../../Engine/Plugins/Interchange/Runtime/Content/Pipelines/DefaultGLTFSceneAssetsPipeline.uexp" 22
"../../../Engine/Plugins/Interchange/Runtime/Content/Pipelines/DefaultGLTFPipeline.uasset" 23
"../../../Engine/Plugins/Interchange/Runtime/Content/Pipelines/DefaultGLTFPipeline.uexp" 24
"../../../Engine/Plugins/Interchange/Runtime/Content/Pipelines/DefaultGLTFAssetsPipeline.uasset" 25
"../../../Engine/Plugins/Interchange/Runtime/Content/Pipelines/DefaultGLTFAssetsPipeline.uexp" 26
"../../../Engine/Plugins/Interchange/Runtime/Content/Pipelines/DefaultAssetsPipeline.uasset" 27
"../../../Engine/Plugins/Interchange/Runtime/Content/Pipelines/DefaultAssetsPipeline.uexp" 28
"../../../Engine/Plugins/Animation/ControlRig/Content/Controls/DefaultGizmoLibraryNormalized.uasset" 29
"../../../Engine/Plugins/Animation/ControlRig/Content/Controls/DefaultGizmoLibraryNormalized.uexp" 30
"../../../Engine/Content/EngineSounds/Master.uasset" 31
"../../../Engine/Content/EngineSounds/Master.uexp" 32
"../../../Engine/Content/EngineMaterials/DefaultPhysicalMaterial.uasset" 33
"../../../Engine/Content/EngineMaterials/DefaultPhysicalMaterial.uexp" 34
"../../../Engine/Content/EngineMaterials/DefaultDestructiblePhysicalMaterial.uasset" 35
"../../../Engine/Content/EngineMaterials/DefaultDestructiblePhysicalMaterial.uexp" 36
"../../../Engine/Content/EngineFonts/Faces/RobotoLight.uexp" 37
"../../../Engine/Content/EngineFonts/Faces/RobotoLight.uasset" 38
"../../../Engine/Content/EngineFonts/Faces/RobotoLight.ufont" 39
"../../../Engine/Content/EngineFonts/Faces/RobotoBold.uexp" 40
"../../../Engine/Content/EngineFonts/Faces/RobotoBold.uasset" 41
"../../../Engine/Content/EngineFonts/Faces/RobotoBold.ufont" 42
"../../../Engine/Content/EngineFonts/Faces/RobotoRegular.uexp" 43
"../../../Engine/Content/EngineFonts/Faces/RobotoRegular.uasset" 44
"../../../Engine/Content/EngineFonts/Faces/RobotoRegular.ufont" 45
"../../../Engine/Content/EngineFonts/Faces/DroidSansFallback.uexp" 46
"../../../Engine/Content/EngineFonts/Faces/DroidSansFallback.uasset" 47
"../../../Engine/Content/EngineFonts/Faces/DroidSansFallback.ufont" 48
"../../../Engine/Content/EngineFonts/Faces/RobotoItalic.uexp" 49
"../../../Engine/Content/EngineFonts/Faces/RobotoItalic.uasset" 50
"../../../Engine/Content/EngineFonts/Faces/RobotoItalic.ufont" 51
"../../../Engine/Content/EngineFonts/Faces/RobotoBoldItalic.uexp" 52
"../../../Engine/Content/EngineFonts/Faces/RobotoBoldItalic.uasset" 53
"../../../Engine/Content/EngineFonts/Faces/RobotoBoldItalic.ufont" 54
"../../../Engine/Content/EngineFonts/Roboto.uasset" 55
"../../../Engine/Content/EngineFonts/Roboto.uexp" 56
"../../../Engine/Content/Animation/DefaultVariableFrameStrippingSettings.uasset" 57
"../../../Engine/Content/Animation/DefaultVariableFrameStrippingSettings.uexp" 58
"../../../Engine/Content/Animation/DefaultRecorderBoneCompression.uasset" 59
"../../../Engine/Content/Animation/DefaultRecorderBoneCompression.uexp" 60
"../../../Engine/Content/EditorResources/S_Actor.ubulk" 61
"../../../Engine/Content/EditorResources/S_Actor.uasset" 62
"../../../Engine/Content/EditorResources/S_Actor.uexp" 63
"../../../Engine/Content/EditorResources/S_BoxReflectionCapture.uasset" 64
"../../../Engine/Content/EditorResources/S_BoxReflectionCapture.uexp" 65
"../../../Engine/Content/EngineResources/DefaultTexture.ubulk" 66
"../../../Engine/Content/EngineResources/DefaultTexture.uasset" 67
"../../../Engine/Content/EngineResources/DefaultTexture.uexp" 68
"../../../Engine/Content/EngineResources/DefaultTextureCube.uasset" 69
"../../../Engine/Content/EngineResources/DefaultTextureCube.uexp" 70
"../../../Engine/Content/EngineResources/DefaultVolumeTexture2D.uasset" 71
"../../../Engine/Content/EngineResources/DefaultVolumeTexture2D.uexp" 72
"../../../Engine/Content/EngineResources/DefaultVolumeTexture.uasset" 73
"../../../Engine/Content/EngineResources/DefaultVolumeTexture.uexp" 74
"../../../Engine/Content/EditorResources/S_Trigger.ubulk" 75
"../../../Engine/Content/EditorResources/S_Trigger.uasset" 76
"../../../Engine/Content/EditorResources/S_Trigger.uexp" 77
"../../../Engine/Content/EditorResources/S_TriggerBox.uasset" 78
"../../../Engine/Content/EditorResources/S_TriggerBox.uexp" 79
"../../../Engine/Content/EditorResources/S_TriggerCapsule.uasset" 80
"../../../Engine/Content/EditorResources/S_TriggerCapsule.uexp" 81
"../../../Engine/Content/EditorResources/S_TriggerSphere.uasset" 82
"../../../Engine/Content/EditorResources/S_TriggerSphere.uexp" 83
"../../../Engine/Plugins/NNE/NNEDenoiser/Content/NNEDTOM_Output_Default.uasset" 84
"../../../Engine/Plugins/NNE/NNEDenoiser/Content/NNEDTOM_Output_Default.uexp" 85
"../../../Engine/Plugins/NNE/NNEDenoiser/Content/NNEDTOM_Output_Alpha.uasset" 86
"../../../Engine/Plugins/NNE/NNEDenoiser/Content/NNEDTOM_Output_Alpha.uexp" 87
"../../../Engine/Plugins/NNE/NNEDenoiser/Content/NNEDTIM_ColorAlbedoNormal_Default.uasset" 88
"../../../Engine/Plugins/NNE/NNEDenoiser/Content/NNEDTIM_ColorAlbedoNormal_Default.uexp" 89
"../../../Engine/Plugins/NNE/NNEDenoiser/Content/NNEDTIM_ColorAlbedoNormal_Alpha.uasset" 90
"../../../Engine/Plugins/NNE/NNEDenoiser/Content/NNEDTIM_ColorAlbedoNormal_Alpha.uexp" 91
"../../../Engine/Plugins/NNE/NNEDenoiser/Content/NNEDOM_Output_Default.uasset" 92
"../../../Engine/Plugins/NNE/NNEDenoiser/Content/NNEDOM_Output_Default.uexp" 93
"../../../Engine/Plugins/NNE/NNEDenoiser/Content/NNEDOM_Output_Alpha.uasset" 94
"../../../Engine/Plugins/NNE/NNEDenoiser/Content/NNEDOM_Output_Alpha.uexp" 95
"../../../Engine/Plugins/NNE/NNEDenoiser/Content/NNEDIM_HighQuality_Default.uasset" 96
"../../../Engine/Plugins/NNE/NNEDenoiser/Content/NNEDIM_HighQuality_Default.uexp" 97
"../../../Engine/Plugins/NNE/NNEDenoiser/Content/NNEDIM_HighQuality_Alpha.uasset" 98
"../../../Engine/Plugins/NNE/NNEDenoiser/Content/NNEDIM_HighQuality_Alpha.uexp" 99
"../../../Engine/Plugins/NNE/NNEDenoiser/Content/NNEDIM_ColorAlbedoNormal_Default.uasset" 100
"../../../Engine/Plugins/NNE/NNEDenoiser/Content/NNEDIM_ColorAlbedoNormal_Default.uexp" 101
"../../../Engine/Plugins/NNE/NNEDenoiser/Content/NNEDIM_ColorAlbedoNormal_Alpha.uasset" 102
"../../../Engine/Plugins/NNE/NNEDenoiser/Content/NNEDIM_ColorAlbedoNormal_Alpha.uexp" 103
"../../../Engine/Content/Functions/Engine_MaterialFunctions02/WorldPositionOffset/CameraOffset.uasset" 104
"../../../Engine/Content/Functions/Engine_MaterialFunctions02/WorldPositionOffset/CameraOffset.uexp" 105
"../../../Engine/Plugins/Animation/ControlRig/Content/M_Manip.uasset" 106
"../../../Engine/Plugins/Animation/ControlRig/Content/M_Manip.uexp" 107
"../../../Engine/Plugins/Runtime/MeshModelingToolset/Content/Materials/M_DynamicMeshComponentVtxColor.uasset" 108
"../../../Engine/Plugins/Runtime/MeshModelingToolset/Content/Materials/M_DynamicMeshComponentVtxColor.uexp" 109
"../../../Engine/Plugins/Runtime/HairStrands/Content/Materials/HairMeshesDefaultMaterial.uasset" 110
"../../../Engine/Plugins/Runtime/HairStrands/Content/Materials/HairMeshesDefaultMaterial.uexp" 111
"../../../Engine/Plugins/Runtime/HairStrands/Content/Materials/HairDefaultMaterial.uasset" 112
"../../../Engine/Plugins/Runtime/HairStrands/Content/Materials/HairDefaultMaterial.uexp" 113
"../../../Engine/Plugins/Runtime/HairStrands/Content/Materials/HairGroupColors.uasset" 114
"../../../Engine/Plugins/Runtime/HairStrands/Content/Materials/HairGroupColors.uexp" 115
"../../../Engine/Content/Functions/Engine_MaterialFunctions02/Utility/MakeFloat2.uasset" 116
"../../../Engine/Content/Functions/Engine_MaterialFunctions02/Utility/MakeFloat2.uexp" 117
"../../../Engine/Content/Functions/Engine_MaterialFunctions02/Utility/MakeFloat3.uasset" 118
"../../../Engine/Content/Functions/Engine_MaterialFunctions02/Utility/MakeFloat3.uexp" 119
"../../../Engine/Content/EngineMaterials/HairColorMap.uasset" 120
"../../../Engine/Content/EngineMaterials/HairColorMap.uexp" 121
"../../../Engine/Content/EngineMaterials/HairDebugColor.uasset" 122
"../../../Engine/Content/EngineMaterials/HairDebugColor.uexp" 123
"../../../Engine/Plugins/Runtime/HairStrands/Content/Materials/HairDebugMaterial.uasset" 124
"../../../Engine/Plugins/Runtime/HairStrands/Content/Materials/HairDebugMaterial.uexp" 125
"../../../Engine/Plugins/Runtime/HairStrands/Content/Materials/HairCardsDefaultMaterial.uasset" 126
"../../../Engine/Plugins/Runtime/HairStrands/Content/Materials/HairCardsDefaultMaterial.uexp" 127
"../../../Engine/Plugins/Runtime/AudioWidgets/Content/Resources/ScrubHandleDown_Clamped.uasset" 128
"../../../Engine/Plugins/Runtime/AudioWidgets/Content/Resources/ScrubHandleDown_Clamped.uexp" 129
"../../../Engine/Plugins/Interchange/Assets/Content/Functions/MX_UsdPreviewSurface.uasset" 130
"../../../Engine/Plugins/Interchange/Assets/Content/Functions/MX_UsdPreviewSurface.uexp" 131
"../../../Engine/Plugins/Interchange/Assets/Content/Functions/MX_UniformEDF.uasset" 132
"../../../Engine/Plugins/Interchange/Assets/Content/Functions/MX_UniformEDF.uexp" 133
"../../../Engine/Plugins/Interchange/Assets/Content/Functions/MX_TranslucentBSDF.uasset" 134
"../../../Engine/Plugins/Interchange/Assets/Content/Functions/MX_TranslucentBSDF.uexp" 135
"../../../Engine/Plugins/Interchange/Assets/Content/Functions/MX_ThinFilmBSDF.uasset" 136
"../../../Engine/Plugins/Interchange/Assets/Content/Functions/MX_ThinFilmBSDF.uexp" 137
"../../../Engine/Plugins/Interchange/Assets/Content/Functions/MX_SurfaceUnlit.uasset" 138
"../../../Engine/Plugins/Interchange/Assets/Content/Functions/MX_SurfaceUnlit.uexp" 139
"../../../Engine/Plugins/Interchange/Assets/Content/Functions/MX_Surface.uasset" 140
"../../../Engine/Plugins/Interchange/Assets/Content/Functions/MX_Surface.uexp" 141
"../../../Engine/Plugins/Interchange/Assets/Content/Functions/MX_SubsurfaceBSDF.uasset" 142
"../../../Engine/Plugins/Interchange/Assets/Content/Functions/MX_SubsurfaceBSDF.uexp" 143
"../../../Engine/Plugins/Interchange/Assets/Content/Functions/MX_SheenBSDF.uasset" 144
"../../../Engine/Plugins/Interchange/Assets/Content/Functions/MX_SheenBSDF.uexp" 145
"../../../Engine/Plugins/Interchange/Assets/Content/Functions/MX_OrenNayarBSDF.uasset" 146
"../../../Engine/Plugins/Interchange/Assets/Content/Functions/MX_OrenNayarBSDF.uexp" 147
"../../../Engine/Plugins/Interchange/Assets/Content/Utilities/New_LUT.uasset" 148
"../../../Engine/Plugins/Interchange/Assets/Content/Utilities/New_LUT.uexp" 149
"../../../Engine/Content/Functions/Engine_MaterialFunctions03/Math/RemapValueRange.uasset" 150
"../../../Engine/Content/Functions/Engine_MaterialFunctions03/Math/RemapValueRange.uexp" 151
"../../../Engine/Plugins/Interchange/Assets/Content/Functions/MF_Iridescence.uasset" 152
"../../../Engine/Plugins/Interchange/Assets/Content/Functions/MF_Iridescence.uexp" 153
"../../../Engine/Plugins/Interchange/Assets/Content/Functions/MX_StandardSurface.uasset" 154
"../../../Engine/Plugins/Interchange/Assets/Content/Functions/MX_StandardSurface.uexp" 155
"../../../Engine/Plugins/Interchange/Assets/Content/Functions/MX_TransmissionSurface.uasset" 156
"../../../Engine/Plugins/Interchange/Assets/Content/Functions/MX_TransmissionSurface.uexp" 157
"../../../Engine/Plugins/Interchange/Assets/Content/Functions/MX_OpenPBR_Translucent.uasset" 158
"../../../Engine/Plugins/Interchange/Assets/Content/Functions/MX_OpenPBR_Translucent.uexp" 159
"../../../Engine/Plugins/Interchange/Assets/Content/Functions/MX_OpenPBR_Opaque.uasset" 160
"../../../Engine/Plugins/Interchange/Assets/Content/Functions/MX_OpenPBR_Opaque.uexp" 161
"../../../Engine/Plugins/Interchange/Assets/Content/Functions/MX_MeasuredEDF.uasset" 162
"../../../Engine/Plugins/Interchange/Assets/Content/Functions/MX_MeasuredEDF.uexp" 163
"../../../Engine/Plugins/Interchange/Assets/Content/Functions/MX_GeneralizedSchlickBSDF.uasset" 164
"../../../Engine/Plugins/Interchange/Assets/Content/Functions/MX_GeneralizedSchlickBSDF.uexp" 165
"../../../Engine/Plugins/Interchange/Assets/Content/Functions/MX_DielectricBSDF.uasset" 166
"../../../Engine/Plugins/Interchange/Assets/Content/Functions/MX_DielectricBSDF.uexp" 167
"../../../Engine/Plugins/Interchange/Assets/Content/Functions/MX_ConicalEDF.uasset" 168
"../../../Engine/Plugins/Interchange/Assets/Content/Functions/MX_ConicalEDF.uexp" 169
"../../../Engine/Plugins/Interchange/Assets/Content/Functions/MX_ConductorBSDF.uasset" 170
"../../../Engine/Plugins/Interchange/Assets/Content/Functions/MX_ConductorBSDF.uexp" 171
"../../../Engine/Plugins/Interchange/Assets/Content/Functions/MX_BurleyDiffuseBSDF.uasset" 172
"../../../Engine/Plugins/Interchange/Assets/Content/Functions/MX_BurleyDiffuseBSDF.uexp" 173
"../../../Engine/Plugins/Interchange/Assets/Content/Functions/MX_AnisotropicVDF.uasset" 174
"../../../Engine/Plugins/Interchange/Assets/Content/Functions/MX_AnisotropicVDF.uexp" 175
"../../../Engine/Plugins/Interchange/Assets/Content/Functions/MX_AbsorptionVDF.uasset" 176
"../../../Engine/Plugins/Interchange/Assets/Content/Functions/MX_AbsorptionVDF.uexp" 177
"../../../Engine/Plugins/Editor/SpeedTreeImporter/Content/SpeedTree9/game_wind_noise.ubulk" 178
"../../../Engine/Plugins/Editor/SpeedTreeImporter/Content/SpeedTree9/game_wind_noise.uasset" 179
"../../../Engine/Plugins/Editor/SpeedTreeImporter/Content/SpeedTree9/game_wind_noise.uexp" 180
"../../../Engine/Plugins/Editor/SpeedTreeImporter/Content/SpeedTree9/UnpackDirection.uasset" 181
"../../../Engine/Plugins/Editor/SpeedTreeImporter/Content/SpeedTree9/UnpackDirection.uexp" 182
"../../../Engine/Content/Functions/Engine_MaterialFunctions02/ObjectLocalBounds.uasset" 183
"../../../Engine/Content/Functions/Engine_MaterialFunctions02/ObjectLocalBounds.uexp" 184
"../../../Engine/Content/Functions/Engine_MaterialFunctions02/Utility/BreakOutFloat3Components.uasset" 185
"../../../Engine/Content/Functions/Engine_MaterialFunctions02/Utility/BreakOutFloat3Components.uexp" 186
"../../../Engine/Content/Functions/Engine_MaterialFunctions02/UVs/BoundingBoxBased_0-1_UVW.uasset" 187
"../../../Engine/Content/Functions/Engine_MaterialFunctions02/UVs/BoundingBoxBased_0-1_UVW.uexp" 188
"../../../Engine/Content/Functions/Engine_MaterialFunctions02/Utility/VectorLength.uasset" 189
"../../../Engine/Content/Functions/Engine_MaterialFunctions02/Utility/VectorLength.uexp" 190
"../../../Engine/Plugins/Editor/SpeedTreeImporter/Content/SpeedTree9/UnpackInteger3.uasset" 191
"../../../Engine/Plugins/Editor/SpeedTreeImporter/Content/SpeedTree9/UnpackInteger3.uexp" 192
"../../../Engine/Plugins/Editor/SpeedTreeImporter/Content/SpeedTree9/SpeedTreeCameraFacing.uasset" 193
"../../../Engine/Plugins/Editor/SpeedTreeImporter/Content/SpeedTree9/SpeedTreeCameraFacing.uexp" 194
"../../../Engine/Content/Functions/Engine_MaterialFunctions02/WorldPositionOffset/ObjectScale.uasset" 195
"../../../Engine/Content/Functions/Engine_MaterialFunctions02/WorldPositionOffset/ObjectScale.uexp" 196
"../../../Engine/Content/Functions/Engine_MaterialFunctions02/SafeNormalize.uasset" 197
"../../../Engine/Content/Functions/Engine_MaterialFunctions02/SafeNormalize.uexp" 198
"../../../Engine/Plugins/Editor/SpeedTreeImporter/Content/SpeedTree9/SpeedTreeWindMotion.uasset" 199
"../../../Engine/Plugins/Editor/SpeedTreeImporter/Content/SpeedTree9/SpeedTreeWindMotion.uexp" 200
"../../../Engine/Plugins/Editor/SpeedTreeImporter/Content/SpeedTree9/SpeedTreeBranchMotion.uasset" 201
"../../../Engine/Plugins/Editor/SpeedTreeImporter/Content/SpeedTree9/SpeedTreeBranchMotion.uexp" 202
"../../../Engine/Plugins/Editor/SpeedTreeImporter/Content/SpeedTree9/SpeedTreeWind.uasset" 203
"../../../Engine/Plugins/Editor/SpeedTreeImporter/Content/SpeedTree9/SpeedTreeWind.uexp" 204
"../../../Engine/Plugins/Editor/SpeedTreeImporter/Content/SpeedTree9/EmptyNormal.uasset" 205
"../../../Engine/Plugins/Editor/SpeedTreeImporter/Content/SpeedTree9/EmptyNormal.uexp" 206
"../../../Engine/Plugins/Editor/SpeedTreeImporter/Content/SpeedTree9/Empty.uasset" 207
"../../../Engine/Plugins/Editor/SpeedTreeImporter/Content/SpeedTree9/Empty.uexp" 208
"../../../Engine/Plugins/Editor/SpeedTreeImporter/Content/SpeedTree9/SpeedTreeMaster.uasset" 209
"../../../Engine/Plugins/Editor/SpeedTreeImporter/Content/SpeedTree9/SpeedTreeMaster.uexp" 210
"../../../Engine/Plugins/Editor/SpeedTreeImporter/Content/SpeedTree9/SpeedTreeBillboard.uasset" 211
"../../../Engine/Plugins/Editor/SpeedTreeImporter/Content/SpeedTree9/SpeedTreeBillboard.uexp" 212
"../../../Engine/Plugins/Editor/SpeedTreeImporter/Content/SpeedTree9/SpeedTreeBillboardMaster.uasset" 213
"../../../Engine/Plugins/Editor/SpeedTreeImporter/Content/SpeedTree9/SpeedTreeBillboardMaster.uexp" 214
"../../../Engine/Plugins/Animation/ControlRig/Content/Controls/ControlRigXRayMaterial.uasset" 215
"../../../Engine/Plugins/Animation/ControlRig/Content/Controls/ControlRigXRayMaterial.uexp" 216
"../../../Engine/Plugins/Animation/ControlRig/Content/Controls/ControlRigGizmoMaterial.uasset" 217
"../../../Engine/Plugins/Animation/ControlRig/Content/Controls/ControlRigGizmoMaterial.uexp" 218
"../../../Engine/Content/EngineResources/GradientTexture0.uasset" 219
"../../../Engine/Content/EngineResources/GradientTexture0.uexp" 220
"../../../Engine/Content/EngineResources/Black.uasset" 221
"../../../Engine/Content/EngineResources/Black.uexp" 222
"../../../Engine/Content/EngineMaterials/WeightMapPlaceholderTexture.uasset" 223
"../../../Engine/Content/EngineMaterials/WeightMapPlaceholderTexture.uexp" 224
"../../../Engine/Content/EngineMaterials/WeightMapArrayPlaceholderTexture.uasset" 225
"../../../Engine/Content/EngineMaterials/WeightMapArrayPlaceholderTexture.uexp" 226
"../../../Engine/Content/EngineMaterials/RemoveSurfaceMaterial.uasset" 227
"../../../Engine/Content/EngineMaterials/RemoveSurfaceMaterial.uexp" 228
"../../../Engine/Content/EngineMaterials/PreintegratedSkinBRDF.uasset" 229
"../../../Engine/Content/EngineMaterials/PreintegratedSkinBRDF.uexp" 230
"../../../Engine/Content/EngineMaterials/DefaultCalibrationGrayscale.uasset" 231
"../../../Engine/Content/EngineMaterials/DefaultCalibrationGrayscale.uexp" 232
"../../../Engine/Content/EngineMaterials/PPM_DefaultCalibrationGrayscale.uasset" 233
"../../../Engine/Content/EngineMaterials/PPM_DefaultCalibrationGrayscale.uexp" 234
"../../../Engine/Content/EngineMaterials/DefaultCalibrationColor.uasset" 235
"../../../Engine/Content/EngineMaterials/DefaultCalibrationColor.uexp" 236
"../../../Engine/Content/EngineMaterials/PPM_DefaultCalibrationColor.uasset" 237
"../../../Engine/Content/EngineMaterials/PPM_DefaultCalibrationColor.uexp" 238
"../../../Engine/Content/EngineMaterials/PhAT_JointLimitMaterial.uasset" 239
"../../../Engine/Content/EngineMaterials/PhAT_JointLimitMaterial.uexp" 240
"../../../Engine/Content/EngineMaterials/NaniteHiddenSectionMaterial.uasset" 241
"../../../Engine/Content/EngineMaterials/NaniteHiddenSectionMaterial.uexp" 242
"../../../Engine/Content/EngineMaterials/InvalidLightmapSettings.ubulk" 243
"../../../Engine/Content/EngineMaterials/InvalidLightmapSettings.uasset" 244
"../../../Engine/Content/EngineMaterials/InvalidLightmapSettings.uexp" 245
"../../../Engine/Content/EngineMaterials/M_InvalidLightmapSettings.uasset" 246
"../../../Engine/Content/EngineMaterials/M_InvalidLightmapSettings.uexp" 247
"../../../Engine/Content/EngineMaterials/MiniFont.uasset" 248
"../../../Engine/Content/EngineMaterials/MiniFont.uexp" 249
"../../../Engine/Content/EngineMaterials/GizmoMaterial.uasset" 250
"../../../Engine/Content/EngineMaterials/GizmoMaterial.uexp" 251
"../../../Engine/Content/EngineMaterials/BaseFlattenEmissiveMap_VT.ubulk" 252
"../../../Engine/Content/EngineMaterials/BaseFlattenEmissiveMap_VT.uasset" 253
"../../../Engine/Content/EngineMaterials/BaseFlattenEmissiveMap_VT.uexp" 254
"../../../Engine/Content/EngineMaterials/BaseFlattenGrayscaleMap_VT.ubulk" 255
"../../../Engine/Content/EngineMaterials/BaseFlattenGrayscaleMap_VT.uasset" 256
"../../../Engine/Content/EngineMaterials/BaseFlattenGrayscaleMap_VT.uexp" 257
"../../../Engine/Content/EngineMaterials/BaseFlattenLinearColor_VT.ubulk" 258
"../../../Engine/Content/EngineMaterials/BaseFlattenLinearColor_VT.uasset" 259
"../../../Engine/Content/EngineMaterials/BaseFlattenLinearColor_VT.uexp" 260
"../../../Engine/Content/EngineMaterials/Black_1x1_EXR_Texture_VT.ubulk" 261
"../../../Engine/Content/EngineMaterials/Black_1x1_EXR_Texture_VT.uasset" 262
"../../../Engine/Content/EngineMaterials/Black_1x1_EXR_Texture_VT.uexp" 263
"../../../Engine/Content/EngineMaterials/BaseFlattenDiffuseMap_VT.ubulk" 264
"../../../Engine/Content/EngineMaterials/BaseFlattenDiffuseMap_VT.uasset" 265
"../../../Engine/Content/EngineMaterials/BaseFlattenDiffuseMap_VT.uexp" 266
"../../../Engine/Content/EngineMaterials/BaseFlattenNormalMap_VT.ubulk" 267
"../../../Engine/Content/EngineMaterials/BaseFlattenNormalMap_VT.uasset" 268
"../../../Engine/Content/EngineMaterials/BaseFlattenNormalMap_VT.uexp" 269
"../../../Engine/Content/EngineMaterials/FlattenMaterial_WS_Normal_VT.uasset" 270
"../../../Engine/Content/EngineMaterials/FlattenMaterial_WS_Normal_VT.uexp" 271
"../../../Engine/Content/EngineMaterials/FlattenMaterial_VT.uasset" 272
"../../../Engine/Content/EngineMaterials/FlattenMaterial_VT.uexp" 273
"../../../Engine/Content/EngineMaterials/BaseFlattenNormalMap.uasset" 274
"../../../Engine/Content/EngineMaterials/BaseFlattenNormalMap.uexp" 275
"../../../Engine/Content/EngineMaterials/BaseFlattenGrayscaleMap.uasset" 276
"../../../Engine/Content/EngineMaterials/BaseFlattenGrayscaleMap.uexp" 277
"../../../Engine/Content/EngineMaterials/BaseFlattenDiffuseMap.uasset" 278
"../../../Engine/Content/EngineMaterials/BaseFlattenDiffuseMap.uexp" 279
"../../../Engine/Content/Functions/Engine_MaterialFunctions02/PivotPainter2/Black_1x1_EXR_Texture.uasset" 280
"../../../Engine/Content/Functions/Engine_MaterialFunctions02/PivotPainter2/Black_1x1_EXR_Texture.uexp" 281
"../../../Engine/Content/EngineMaterials/BaseFlattenEmissiveMap.uasset" 282
"../../../Engine/Content/EngineMaterials/BaseFlattenEmissiveMap.uexp" 283
"../../../Engine/Content/EngineMaterials/BaseFlattenLinearColor.uasset" 284
"../../../Engine/Content/EngineMaterials/BaseFlattenLinearColor.uexp" 285
"../../../Engine/Content/EngineMaterials/FlattenMaterial.uasset" 286
"../../../Engine/Content/EngineMaterials/FlattenMaterial.uexp" 287
"../../../Engine/Content/EngineMaterials/FastBlueNoise_vec2_128x128x64.uasset" 288
"../../../Engine/Content/EngineMaterials/FastBlueNoise_vec2_128x128x64.uexp" 289
"../../../Engine/Content/EngineMaterials/FastBlueNoise_scalar_128x128x64.uasset" 290
"../../../Engine/Content/EngineMaterials/FastBlueNoise_scalar_128x128x64.uexp" 291
"../../../Engine/Content/EngineMaterials/DefaultWhiteGrid_Low.uasset" 292
"../../../Engine/Content/EngineMaterials/DefaultWhiteGrid_Low.uexp" 293
"../../../Engine/Content/EngineMaterials/EmissiveMeshMaterial.uasset" 294
"../../../Engine/Content/EngineMaterials/EmissiveMeshMaterial.uexp" 295
"../../../Engine/Content/EngineMaterials/DefaultWhiteGrid.ubulk" 296
"../../../Engine/Content/EngineMaterials/DefaultWhiteGrid.uasset" 297
"../../../Engine/Content/EngineMaterials/DefaultWhiteGrid.uexp" 298
"../../../Engine/Content/EngineFonts/RobotoDistanceField.uasset" 299
"../../../Engine/Content/EngineFonts/RobotoDistanceField.uexp" 300
"../../../Engine/Content/EngineMaterials/DefaultTextMaterialOpaque.uasset" 301
"../../../Engine/Content/EngineMaterials/DefaultTextMaterialOpaque.uexp" 302
"../../../Engine/Content/EngineMaterials/DefaultDiffuse.ubulk" 303
"../../../Engine/Content/EngineMaterials/DefaultDiffuse.uasset" 304
"../../../Engine/Content/EngineMaterials/DefaultDiffuse.uexp" 305
"../../../Engine/Content/Functions/Engine_MaterialFunctions02/Utility/BreakOutFloat2Components.uasset" 306
"../../../Engine/Content/Functions/Engine_MaterialFunctions02/Utility/BreakOutFloat2Components.uexp" 307
"../../../Engine/Content/EngineMaterials/DefaultPostProcessMaterial.uasset" 308
"../../../Engine/Content/EngineMaterials/DefaultPostProcessMaterial.uexp" 309
"../../../Engine/Content/EngineMaterials/DefaultLightFunctionMaterial.uasset" 310
"../../../Engine/Content/EngineMaterials/DefaultLightFunctionMaterial.uexp" 311
"../../../Engine/Content/EngineMaterials/DefaultDeferredDecalMaterial.uasset" 312
"../../../Engine/Content/EngineMaterials/DefaultDeferredDecalMaterial.uexp" 313
"../../../Engine/Content/EngineMaterials/DefaultBokeh.uasset" 314
"../../../Engine/Content/EngineMaterials/DefaultBokeh.uexp" 315
"../../../Engine/Content/EngineMaterials/DefaultBloomKernel.uasset" 316
"../../../Engine/Content/EngineMaterials/DefaultBloomKernel.uexp" 317
"../../../Engine/Content/Functions/Engine_MaterialFunctions02/Utility/CameraDirectionVector.uasset" 318
"../../../Engine/Content/Functions/Engine_MaterialFunctions02/Utility/CameraDirectionVector.uexp" 319
"../../../Engine/Content/EngineDebugMaterials/VolumeToRender.uasset" 320
"../../../Engine/Content/EngineDebugMaterials/VolumeToRender.uexp" 321
"../../../Engine/Content/EngineDebugMaterials/M_VolumeRenderSphereTracePP.uasset" 322
"../../../Engine/Content/EngineDebugMaterials/M_VolumeRenderSphereTracePP.uexp" 323
"../../../Engine/Content/EngineDebugMaterials/M_SimpleUnlitTranslucent.uasset" 324
"../../../Engine/Content/EngineDebugMaterials/M_SimpleUnlitTranslucent.uexp" 325
"../../../Engine/Content/EngineDebugMaterials/DebugMeshMaterial.uasset" 326
"../../../Engine/Content/EngineDebugMaterials/DebugMeshMaterial.uexp" 327
"../../../Engine/Content/EngineDebugMaterials/DebugEditorMaterial.uasset" 328
"../../../Engine/Content/EngineDebugMaterials/DebugEditorMaterial.uexp" 329
"../../../Engine/Content/EngineDamageTypes/DmgTypeBP_Environmental.uasset" 330
"../../../Engine/Content/EngineDamageTypes/DmgTypeBP_Environmental.uexp" 331
"../../../Engine/Content/EditorResources/S_Terrain.ubulk" 332
"../../../Engine/Content/EditorResources/S_Terrain.uasset" 333
"../../../Engine/Content/EditorResources/S_Terrain.uexp" 334
"../../../Engine/Content/EditorResources/S_Solver.ubulk" 335
"../../../Engine/Content/EditorResources/S_Solver.uasset" 336
"../../../Engine/Content/EditorResources/S_Solver.uexp" 337
"../../../Engine/Content/EditorResources/EmptyActor.uasset" 338
"../../../Engine/Content/EditorResources/EmptyActor.uexp" 339
"../../../Engine/Content/EditorResources/BSPVertex.uasset" 340
"../../../Engine/Content/EditorResources/BSPVertex.uexp" 341
"../../../Engine/Content/EditorMaterials/PreviewShadowIndicator.ubulk" 342
"../../../Engine/Content/EditorMaterials/PreviewShadowIndicator.uasset" 343
"../../../Engine/Content/EditorMaterials/PreviewShadowIndicator.uexp" 344
"../../../Engine/Content/EditorMaterials/PreviewShadowIndicatorMaterial.uasset" 345
"../../../Engine/Content/EditorMaterials/PreviewShadowIndicatorMaterial.uexp" 346
"../../../Engine/Content/EditorMaterials/PhAT_UnselectedMaterial.uasset" 347
"../../../Engine/Content/EditorMaterials/PhAT_UnselectedMaterial.uexp" 348
"../../../Engine/Content/EditorMaterials/PhAT_NoCollisionMaterial.uasset" 349
"../../../Engine/Content/EditorMaterials/PhAT_NoCollisionMaterial.uexp" 350
"../../../Engine/Content/EditorLandscapeResources/DefaultAlphaTexture.uasset" 351
"../../../Engine/Content/EditorLandscapeResources/DefaultAlphaTexture.uexp" 352
"../../../Engine/Content/EngineResources/FilmGrains/Marcie_Grain_v3_128_M2_000.uasset" 353
"../../../Engine/Content/EngineResources/FilmGrains/Marcie_Grain_v3_128_M2_000.uexp" 354
"../../../Engine/Content/EngineMaterials/LTC/Sheen_LTC.uasset" 355
"../../../Engine/Content/EngineMaterials/LTC/Sheen_LTC.uexp" 356
"../../../Engine/Content/EngineMaterials/LTC/GGX_LTCMat.uasset" 357
"../../../Engine/Content/EngineMaterials/LTC/GGX_LTCMat.uexp" 358
"../../../Engine/Content/EngineMaterials/LTC/GGX_LTCAmp.uasset" 359
"../../../Engine/Content/EngineMaterials/LTC/GGX_LTCAmp.uexp" 360
"../../../Engine/Content/EngineMaterials/EnergyConservation/Sheen_Energy.uasset" 361
"../../../Engine/Content/EngineMaterials/EnergyConservation/Sheen_Energy.uexp" 362
"../../../Engine/Content/EngineMaterials/EnergyConservation/SheenLegacy_Energy.uasset" 363
"../../../Engine/Content/EngineMaterials/EnergyConservation/SheenLegacy_Energy.uexp" 364
"../../../Engine/Content/EngineMaterials/EnergyConservation/GGX_TransmissionEnergyArray.uasset" 365
"../../../Engine/Content/EngineMaterials/EnergyConservation/GGX_TransmissionEnergyArray.uexp" 366
"../../../Engine/Content/EngineMaterials/EnergyConservation/GGX_ReflectionEnergy.uasset" 367
"../../../Engine/Content/EngineMaterials/EnergyConservation/GGX_ReflectionEnergy.uexp" 368
"../../../Engine/Content/EngineMaterials/EnergyConservation/Diffuse_Energy.uasset" 369
"../../../Engine/Content/EngineMaterials/EnergyConservation/Diffuse_Energy.uexp" 370
"../../../Engine/Content/EditorResources/SequenceRecorder/RecordingIndicator.uasset" 371
"../../../Engine/Content/EditorResources/SequenceRecorder/RecordingIndicator.uexp" 372
"../../../Engine/Content/EditorResources/SequenceRecorder/Countdown.uasset" 373
"../../../Engine/Content/EditorResources/SequenceRecorder/Countdown.uexp" 374
"../../../Engine/Content/EditorMaterials/ParticleSystems/PSysThumbnail_OOD.ubulk" 375
"../../../Engine/Content/EditorMaterials/ParticleSystems/PSysThumbnail_OOD.uasset" 376
"../../../Engine/Content/EditorMaterials/ParticleSystems/PSysThumbnail_OOD.uexp" 377
"../../../Engine/Content/EditorMaterials/ParticleSystems/PSysThumbnail_NoImage.ubulk" 378
"../../../Engine/Content/EditorMaterials/ParticleSystems/PSysThumbnail_NoImage.uasset" 379
"../../../Engine/Content/EditorMaterials/ParticleSystems/PSysThumbnail_NoImage.uexp" 380
"../../../Engine/Content/EditorMaterials/Dataflow/DataflowVertexMaterial.uasset" 381
"../../../Engine/Content/EditorMaterials/Dataflow/DataflowVertexMaterial.uexp" 382
"../../../Engine/Content/EditorMaterials/Dataflow/DataflowTwoSidedVertexMaterial.uasset" 383
"../../../Engine/Content/EditorMaterials/Dataflow/DataflowTwoSidedVertexMaterial.uexp" 384
"../../../Engine/Content/EngineMaterials/Substrate/Volume/SubstrateSimpleVolumeLUT3D.uasset" 385
"../../../Engine/Content/EngineMaterials/Substrate/Volume/SubstrateSimpleVolumeLUT3D.uexp" 386
"../../../Engine/Content/EngineMaterials/Substrate/Volume/SubstrateSimpleVolumeEnvLUT3D.uasset" 387
"../../../Engine/Content/EngineMaterials/Substrate/Volume/SubstrateSimpleVolumeEnvLUT3D.uexp" 388
"../../../Engine/Content/EngineMeshes/Sphere.ubulk" 389
"../../../Engine/Content/EngineMeshes/Sphere.uasset" 390
"../../../Engine/Content/EngineMeshes/Sphere.uexp" 391
"../../../Engine/Content/EngineMaterials/Substrate/GLints2/AGlintTex2dArray2.uasset" 392
"../../../Engine/Content/EngineMaterials/Substrate/GLints2/AGlintTex2dArray2.uexp" 393
"../../../Engine/Content/EngineMaterials/T_Default_Material_Grid_M.ubulk" 394
"../../../Engine/Content/EngineMaterials/T_Default_Material_Grid_M.uasset" 395
"../../../Engine/Content/EngineMaterials/T_Default_Material_Grid_M.uexp" 396
"../../../Engine/Content/EngineMaterials/T_Default_Material_Grid_N.ubulk" 397
"../../../Engine/Content/EngineMaterials/T_Default_Material_Grid_N.uasset" 398
"../../../Engine/Content/EngineMaterials/T_Default_Material_Grid_N.uexp" 399
"../../../Engine/Content/Functions/Engine_MaterialFunctions01/Opacity/CameraDepthFade.uasset" 400
"../../../Engine/Content/Functions/Engine_MaterialFunctions01/Opacity/CameraDepthFade.uexp" 401
"../../../Engine/Content/EngineMaterials/DefaultMaterial.uasset" 402
"../../../Engine/Content/EngineMaterials/DefaultMaterial.uexp" 403
"../../../Engine/Content/BasicShapes/Sphere.ubulk" 404
"../../../Engine/Content/BasicShapes/Sphere.uasset" 405
"../../../Engine/Content/BasicShapes/Sphere.uexp" 406
"C:/Users/jhade/OneDrive/Documents/basebuild/BaseBuild/Content/Blueprints/FirstPerson/Input/Actions/IA_Sprint.uasset" 407
"C:/Users/jhade/OneDrive/Documents/basebuild/BaseBuild/Content/Blueprints/FirstPerson/Input/Actions/IA_Sprint.uexp" 408
"C:/Users/jhade/OneDrive/Documents/basebuild/BaseBuild/Content/Blueprints/FirstPerson/Input/Actions/IA_Throw.uasset" 409
"C:/Users/jhade/OneDrive/Documents/basebuild/BaseBuild/Content/Blueprints/FirstPerson/Input/Actions/IA_Throw.uexp" 410
"C:/Users/jhade/OneDrive/Documents/basebuild/BaseBuild/Content/Blueprints/FirstPerson/Input/Actions/IA_Crouch.uasset" 411
"C:/Users/jhade/OneDrive/Documents/basebuild/BaseBuild/Content/Blueprints/FirstPerson/Input/Actions/IA_Crouch.uexp" 412
"C:/Users/jhade/OneDrive/Documents/basebuild/BaseBuild/Content/Blueprints/FirstPerson/Input/Actions/IA_Interact.uasset" 413
"C:/Users/jhade/OneDrive/Documents/basebuild/BaseBuild/Content/Blueprints/FirstPerson/Input/Actions/IA_Interact.uexp" 414
"C:/Users/jhade/OneDrive/Documents/basebuild/BaseBuild/Content/Blueprints/FirstPerson/Input/Actions/IA_Move.uasset" 415
"C:/Users/jhade/OneDrive/Documents/basebuild/BaseBuild/Content/Blueprints/FirstPerson/Input/Actions/IA_Move.uexp" 416
"C:/Users/jhade/OneDrive/Documents/basebuild/BaseBuild/Content/Blueprints/FirstPerson/Input/Actions/IA_Look.uasset" 417
"C:/Users/jhade/OneDrive/Documents/basebuild/BaseBuild/Content/Blueprints/FirstPerson/Input/Actions/IA_Look.uexp" 418
"C:/Users/jhade/OneDrive/Documents/basebuild/BaseBuild/Content/Blueprints/FirstPerson/Input/Actions/IA_Drop.uasset" 419
"C:/Users/jhade/OneDrive/Documents/basebuild/BaseBuild/Content/Blueprints/FirstPerson/Input/Actions/IA_Drop.uexp" 420
"C:/Users/jhade/OneDrive/Documents/basebuild/BaseBuild/Content/Blueprints/FirstPerson/Input/Actions/IA_Jump.uasset" 421
"C:/Users/jhade/OneDrive/Documents/basebuild/BaseBuild/Content/Blueprints/FirstPerson/Input/Actions/IA_Jump.uexp" 422
"C:/Users/jhade/OneDrive/Documents/basebuild/BaseBuild/Content/Blueprints/FirstPerson/Input/IMC_Default.uasset" 423
"C:/Users/jhade/OneDrive/Documents/basebuild/BaseBuild/Content/Blueprints/FirstPerson/Input/IMC_Default.uexp" 424
"C:/Users/jhade/OneDrive/Documents/basebuild/BaseBuild/Content/Blueprints/PickupObject/Throwable.uasset" 425
"C:/Users/jhade/OneDrive/Documents/basebuild/BaseBuild/Content/Blueprints/PickupObject/Throwable.uexp" 426
"../../../Engine/Content/BasicShapes/BasicShapeMaterial.uasset" 427
"../../../Engine/Content/BasicShapes/BasicShapeMaterial.uexp" 428
"C:/Users/jhade/OneDrive/Documents/basebuild/BaseBuild/Content/Blueprints/FirstPerson/Blueprints/BP_FirstPersonCharacter.uasset" 429
"C:/Users/jhade/OneDrive/Documents/basebuild/BaseBuild/Content/Blueprints/FirstPerson/Blueprints/BP_FirstPersonCharacter.uexp" 430
"C:/Users/jhade/OneDrive/Documents/basebuild/BaseBuild/Content/Blueprints/FirstPerson/Blueprints/BP_FirstPersonGameMode.uasset" 431
"C:/Users/jhade/OneDrive/Documents/basebuild/BaseBuild/Content/Blueprints/FirstPerson/Blueprints/BP_FirstPersonGameMode.uexp" 432
"../../../Engine/Content/Functions/Engine_MaterialFunctions01/Shading/PowerToRoughness.uasset" 433
"../../../Engine/Content/Functions/Engine_MaterialFunctions01/Shading/PowerToRoughness.uexp" 434
"../../../Engine/Content/Functions/Engine_MaterialFunctions01/Shading/ConvertFromDiffSpec.uasset" 435
"../../../Engine/Content/Functions/Engine_MaterialFunctions01/Shading/ConvertFromDiffSpec.uexp" 436
"../../../Engine/Content/EngineMaterials/Substrate/GLints/AGlintTex2dArray.uasset" 437
"../../../Engine/Content/EngineMaterials/Substrate/GLints/AGlintTex2dArray.uexp" 438
"../../../Engine/Content/EngineMaterials/WorldGridMaterial.uasset" 439
"../../../Engine/Content/EngineMaterials/WorldGridMaterial.uexp" 440
"../../../Engine/Content/ArtTools/RenderToTexture/Meshes/S_1_Unit_Plane.ubulk" 441
"../../../Engine/Content/ArtTools/RenderToTexture/Meshes/S_1_Unit_Plane.uasset" 442
"../../../Engine/Content/ArtTools/RenderToTexture/Meshes/S_1_Unit_Plane.uexp" 443
"../../../Engine/Content/EditorMaterials/Camera/CineMat.uasset" 444
"../../../Engine/Content/EditorMaterials/Camera/CineMat.uexp" 445
"../../../Engine/Content/EditorMaterials/Camera/MI_CineMat_Rig.uasset" 446
"../../../Engine/Content/EditorMaterials/Camera/MI_CineMat_Rig.uexp" 447
"../../../Engine/Content/EditorMeshes/Camera/SM_CraneRig_Arm.ubulk" 448
"../../../Engine/Content/EditorMeshes/Camera/SM_CraneRig_Arm.uasset" 449
"../../../Engine/Content/EditorMeshes/Camera/SM_CraneRig_Arm.uexp" 450
"../../../Engine/Content/EditorMeshes/Camera/SM_CraneRig_Base.ubulk" 451
"../../../Engine/Content/EditorMeshes/Camera/SM_CraneRig_Base.uasset" 452
"../../../Engine/Content/EditorMeshes/Camera/SM_CraneRig_Base.uexp" 453
"../../../Engine/Content/EditorMeshes/Camera/SM_CraneRig_Body.ubulk" 454
"../../../Engine/Content/EditorMeshes/Camera/SM_CraneRig_Body.uasset" 455
"../../../Engine/Content/EditorMeshes/Camera/SM_CraneRig_Body.uexp" 456
"../../../Engine/Content/EditorMeshes/Camera/SM_CraneRig_Mount.ubulk" 457
"../../../Engine/Content/EditorMeshes/Camera/SM_CraneRig_Mount.uasset" 458
"../../../Engine/Content/EditorMeshes/Camera/SM_CraneRig_Mount.uexp" 459
"../../../Engine/Content/EditorMeshes/Camera/SM_RailRig_Mount.ubulk" 460
"../../../Engine/Content/EditorMeshes/Camera/SM_RailRig_Mount.uasset" 461
"../../../Engine/Content/EditorMeshes/Camera/SM_RailRig_Mount.uexp" 462
"../../../Engine/Content/EditorMeshes/Camera/SM_RailRig_Track.ubulk" 463
"../../../Engine/Content/EditorMeshes/Camera/SM_RailRig_Track.uasset" 464
"../../../Engine/Content/EditorMeshes/Camera/SM_RailRig_Track.uexp" 465
"../../../Engine/Content/EngineSky/VolumetricClouds/T_CloudMask.ubulk" 466
"../../../Engine/Content/EngineSky/VolumetricClouds/T_CloudMask.uasset" 467
"../../../Engine/Content/EngineSky/VolumetricClouds/T_CloudMask.uexp" 468
"../../../Engine/Content/EngineSky/VolumetricClouds/VT_Lightning.uasset" 469
"../../../Engine/Content/EngineSky/VolumetricClouds/VT_Lightning.uexp" 470
"../../../Engine/Content/EngineSky/VolumetricClouds/T_Profile_08.ubulk" 471
"../../../Engine/Content/EngineSky/VolumetricClouds/T_Profile_08.uasset" 472
"../../../Engine/Content/EngineSky/VolumetricClouds/T_Profile_08.uexp" 473
"../../../Engine/Content/Functions/Engine_MaterialFunctions02/Utility/MakeFloat4.uasset" 474
"../../../Engine/Content/Functions/Engine_MaterialFunctions02/Utility/MakeFloat4.uexp" 475
"../../../Engine/Content/Functions/Engine_MaterialFunctions01/Units/Km-to-Cm.uasset" 476
"../../../Engine/Content/Functions/Engine_MaterialFunctions01/Units/Km-to-Cm.uexp" 477
"../../../Engine/Content/Functions/Engine_MaterialFunctions02/Utility/BreakOutFloat4Components.uasset" 478
"../../../Engine/Content/Functions/Engine_MaterialFunctions02/Utility/BreakOutFloat4Components.uexp" 479
"../../../Engine/Content/EngineSky/VolumetricClouds/T_CloudPattern.ubulk" 480
"../../../Engine/Content/EngineSky/VolumetricClouds/T_CloudPattern.uasset" 481
"../../../Engine/Content/EngineSky/VolumetricClouds/T_CloudPattern.uexp" 482
"../../../Engine/Content/EngineSky/VolumetricClouds/VT_PerlinWorley_Balanced.uasset" 483
"../../../Engine/Content/EngineSky/VolumetricClouds/VT_PerlinWorley_Balanced.uexp" 484
"../../../Engine/Content/EngineSky/VolumetricClouds/m_SimpleVolumetricCloud.uasset" 485
"../../../Engine/Content/EngineSky/VolumetricClouds/m_SimpleVolumetricCloud.uexp" 486
"../../../Engine/Content/EngineSky/VolumetricClouds/m_SimpleVolumetricCloud_Inst.uasset" 487
"../../../Engine/Content/EngineSky/VolumetricClouds/m_SimpleVolumetricCloud_Inst.uexp" 488
"../../../Engine/Content/VREditor/LaserPointer/VR_LaserPower_01.ubulk" 489
"../../../Engine/Content/VREditor/LaserPointer/VR_LaserPower_01.uasset" 490
"../../../Engine/Content/VREditor/LaserPointer/VR_LaserPower_01.uexp" 491
"../../../Engine/Content/VREditor/TransformGizmo/TransformGizmoMaterial.uasset" 492
"../../../Engine/Content/VREditor/TransformGizmo/TransformGizmoMaterial.uexp" 493
"../../../Engine/Content/VREditor/TransformGizmo/TranslucentTransformGizmoMaterial.uasset" 494
"../../../Engine/Content/VREditor/TransformGizmo/TranslucentTransformGizmoMaterial.uexp" 495
"../../../Engine/Content/VREditor/TransformGizmo/BoundingBoxCorner.ubulk" 496
"../../../Engine/Content/VREditor/TransformGizmo/BoundingBoxCorner.uasset" 497
"../../../Engine/Content/VREditor/TransformGizmo/BoundingBoxCorner.uexp" 498
"../../../Engine/Content/VREditor/TransformGizmo/BoundingBoxEdge.ubulk" 499
"../../../Engine/Content/VREditor/TransformGizmo/BoundingBoxEdge.uasset" 500
"../../../Engine/Content/VREditor/TransformGizmo/BoundingBoxEdge.uexp" 501
"../../../Engine/Content/VREditor/TransformGizmo/Main.uasset" 502
"../../../Engine/Content/VREditor/TransformGizmo/Main.uexp" 503
"../../../Engine/Content/VREditor/TransformGizmo/Xray.uasset" 504
"../../../Engine/Content/VREditor/TransformGizmo/Xray.uexp" 505
"../../../Engine/Content/VREditor/TransformGizmo/SM_Sequencer_Node.ubulk" 506
"../../../Engine/Content/VREditor/TransformGizmo/SM_Sequencer_Node.uasset" 507
"../../../Engine/Content/VREditor/TransformGizmo/SM_Sequencer_Node.uexp" 508
"../../../Engine/Content/Functions/Engine_MaterialFunctions02/Math/Transform3x3Matrix.uasset" 509
"../../../Engine/Content/Functions/Engine_MaterialFunctions02/Math/Transform3x3Matrix.uexp" 510
"../../../Engine/Plugins/Interchange/Assets/Content/gltf/Textures/T_White_srgb.uasset" 511
"../../../Engine/Plugins/Interchange/Assets/Content/gltf/Textures/T_White_srgb.uexp" 512
"../../../Engine/Plugins/Interchange/Assets/Content/gltf/MaterialFunctions/MF_Specular.uasset" 513
"../../../Engine/Plugins/Interchange/Assets/Content/gltf/MaterialFunctions/MF_Specular.uexp" 514
"../../../Engine/Plugins/Interchange/Assets/Content/gltf/Textures/T_Anisotropy_Direction_Linear.uasset" 515
"../../../Engine/Plugins/Interchange/Assets/Content/gltf/Textures/T_Anisotropy_Direction_Linear.uexp" 516
"../../../Engine/Plugins/Interchange/Assets/Content/gltf/MaterialFunctions/MF_SpecularAnisotropy.uasset" 517
"../../../Engine/Plugins/Interchange/Assets/Content/gltf/MaterialFunctions/MF_SpecularAnisotropy.uexp" 518
"../../../Engine/Plugins/Interchange/Assets/Content/gltf/Textures/T_White_Linear.uasset" 519
"../../../Engine/Plugins/Interchange/Assets/Content/gltf/Textures/T_White_Linear.uexp" 520
"../../../Engine/Plugins/Interchange/Assets/Content/gltf/MaterialFunctions/MF_MetallicRoughness.uasset" 521
"../../../Engine/Plugins/Interchange/Assets/Content/gltf/MaterialFunctions/MF_MetallicRoughness.uexp" 522
"../../../Engine/Plugins/Interchange/Assets/Content/gltf/Textures/T_Generic_N.uasset" 523
"../../../Engine/Plugins/Interchange/Assets/Content/gltf/Textures/T_Generic_N.uexp" 524
"../../../Engine/Plugins/Interchange/Assets/Content/gltf/MaterialFunctions/MF_ScaleNormal.uasset" 525
"../../../Engine/Plugins/Interchange/Assets/Content/gltf/MaterialFunctions/MF_ScaleNormal.uexp" 526
"../../../Engine/Plugins/Interchange/Assets/Content/gltf/MaterialFunctions/MF_BaseColor.uasset" 527
"../../../Engine/Plugins/Interchange/Assets/Content/gltf/MaterialFunctions/MF_BaseColor.uexp" 528
"../../../Engine/Plugins/Interchange/Assets/Content/gltf/MaterialFunctions/MF_Iridescence.uasset" 529
"../../../Engine/Plugins/Interchange/Assets/Content/gltf/MaterialFunctions/MF_Iridescence.uexp" 530
"../../../Engine/Plugins/Interchange/Assets/Content/gltf/MaterialFunctions/MF_Occlusion.uasset" 531
"../../../Engine/Plugins/Interchange/Assets/Content/gltf/MaterialFunctions/MF_Occlusion.uexp" 532
"../../../Engine/Plugins/Interchange/Assets/Content/gltf/MaterialFunctions/MF_IOR.uasset" 533
"../../../Engine/Plugins/Interchange/Assets/Content/gltf/MaterialFunctions/MF_IOR.uexp" 534
"../../../Engine/Plugins/Interchange/Assets/Content/gltf/MaterialFunctions/MF_RotateV2.uasset" 535
"../../../Engine/Plugins/Interchange/Assets/Content/gltf/MaterialFunctions/MF_RotateV2.uexp" 536
"../../../Engine/Plugins/Interchange/Assets/Content/gltf/MaterialFunctions/MF_TransformUVs.uasset" 537
"../../../Engine/Plugins/Interchange/Assets/Content/gltf/MaterialFunctions/MF_TransformUVs.uexp" 538
"../../../Engine/Plugins/Interchange/Assets/Content/gltf/MaterialFunctions/MF_Emissive.uasset" 539
"../../../Engine/Plugins/Interchange/Assets/Content/gltf/MaterialFunctions/MF_Emissive.uexp" 540
"../../../Engine/Plugins/Interchange/Assets/Content/gltf/MaterialFunctions/MF_RotateNormals_TS.uasset" 541
"../../../Engine/Plugins/Interchange/Assets/Content/gltf/MaterialFunctions/MF_RotateNormals_TS.uexp" 542
"../../../Engine/Plugins/Interchange/Assets/Content/gltf/MaterialFunctions/MF_Normals.uasset" 543
"../../../Engine/Plugins/Interchange/Assets/Content/gltf/MaterialFunctions/MF_Normals.uexp" 544
"../../../Engine/Content/Functions/Engine_MaterialFunctions01/Texturing/FlattenNormal.uasset" 545
"../../../Engine/Content/Functions/Engine_MaterialFunctions01/Texturing/FlattenNormal.uexp" 546
"../../../Engine/Plugins/Interchange/Assets/Content/gltf/MaterialFunctions/MF_Clearcoat.uasset" 547
"../../../Engine/Plugins/Interchange/Assets/Content/gltf/MaterialFunctions/MF_Clearcoat.uexp" 548
"../../../Engine/Plugins/Interchange/Assets/Content/gltf/MaterialBodies/MF_ClearCoat_Body.uasset" 549
"../../../Engine/Plugins/Interchange/Assets/Content/gltf/MaterialBodies/MF_ClearCoat_Body.uexp" 550
"../../../Engine/Plugins/Interchange/Assets/Content/gltf/M_ClearCoat.uasset" 551
"../../../Engine/Plugins/Interchange/Assets/Content/gltf/M_ClearCoat.uexp" 552
"../../../Engine/Plugins/Interchange/Assets/Content/gltf/MaterialInstances/MI_ClearCoat_Blend.uasset" 553
"../../../Engine/Plugins/Interchange/Assets/Content/gltf/MaterialInstances/MI_ClearCoat_Blend.uexp" 554
"../../../Engine/Plugins/Interchange/Assets/Content/gltf/MaterialInstances/MI_ClearCoat_Blend_DS.uasset" 555
"../../../Engine/Plugins/Interchange/Assets/Content/gltf/MaterialInstances/MI_ClearCoat_Blend_DS.uexp" 556
"../../../Engine/Plugins/Interchange/Assets/Content/gltf/MaterialInstances/MI_ClearCoat_Mask.uasset" 557
"../../../Engine/Plugins/Interchange/Assets/Content/gltf/MaterialInstances/MI_ClearCoat_Mask.uexp" 558
"../../../Engine/Plugins/Interchange/Assets/Content/gltf/MaterialInstances/MI_ClearCoat_Mask_DS.uasset" 559
"../../../Engine/Plugins/Interchange/Assets/Content/gltf/MaterialInstances/MI_ClearCoat_Mask_DS.uexp" 560
"../../../Engine/Plugins/Interchange/Assets/Content/gltf/MaterialInstances/MI_ClearCoat_Opaque.uasset" 561
"../../../Engine/Plugins/Interchange/Assets/Content/gltf/MaterialInstances/MI_ClearCoat_Opaque.uexp" 562
"../../../Engine/Plugins/Interchange/Assets/Content/gltf/MaterialInstances/MI_ClearCoat_Opaque_DS.uasset" 563
"../../../Engine/Plugins/Interchange/Assets/Content/gltf/MaterialInstances/MI_ClearCoat_Opaque_DS.uexp" 564
"../../../Engine/Plugins/Interchange/Assets/Content/gltf/MaterialBodies/MF_Default_Body.uasset" 565
"../../../Engine/Plugins/Interchange/Assets/Content/gltf/MaterialBodies/MF_Default_Body.uexp" 566
"../../../Engine/Plugins/Interchange/Assets/Content/gltf/M_Default.uasset" 567
"../../../Engine/Plugins/Interchange/Assets/Content/gltf/M_Default.uexp" 568
"../../../Engine/Plugins/Interchange/Assets/Content/gltf/MaterialInstances/MI_Default_Blend.uasset" 569
"../../../Engine/Plugins/Interchange/Assets/Content/gltf/MaterialInstances/MI_Default_Blend.uexp" 570
"../../../Engine/Plugins/Interchange/Assets/Content/gltf/MaterialInstances/MI_Default_Blend_DS.uasset" 571
"../../../Engine/Plugins/Interchange/Assets/Content/gltf/MaterialInstances/MI_Default_Blend_DS.uexp" 572
"../../../Engine/Plugins/Interchange/Assets/Content/gltf/MaterialInstances/MI_Default_Mask.uasset" 573
"../../../Engine/Plugins/Interchange/Assets/Content/gltf/MaterialInstances/MI_Default_Mask.uexp" 574
"../../../Engine/Plugins/Interchange/Assets/Content/gltf/MaterialInstances/MI_Default_Mask_DS.uasset" 575
"../../../Engine/Plugins/Interchange/Assets/Content/gltf/MaterialInstances/MI_Default_Mask_DS.uexp" 576
"../../../Engine/Plugins/Interchange/Assets/Content/gltf/MaterialInstances/MI_Default_Opaque.uasset" 577
"../../../Engine/Plugins/Interchange/Assets/Content/gltf/MaterialInstances/MI_Default_Opaque.uexp" 578
"../../../Engine/Plugins/Interchange/Assets/Content/gltf/MaterialInstances/MI_Default_Opaque_DS.uasset" 579
"../../../Engine/Plugins/Interchange/Assets/Content/gltf/MaterialInstances/MI_Default_Opaque_DS.uexp" 580
"../../../Engine/Plugins/Interchange/Assets/Content/gltf/MaterialFunctions/MF_Sheen.uasset" 581
"../../../Engine/Plugins/Interchange/Assets/Content/gltf/MaterialFunctions/MF_Sheen.uexp" 582
"../../../Engine/Plugins/Interchange/Assets/Content/gltf/MaterialBodies/MF_Sheen_Body.uasset" 583
"../../../Engine/Plugins/Interchange/Assets/Content/gltf/MaterialBodies/MF_Sheen_Body.uexp" 584
"../../../Engine/Plugins/Interchange/Assets/Content/gltf/M_Sheen.uasset" 585
"../../../Engine/Plugins/Interchange/Assets/Content/gltf/M_Sheen.uexp" 586
"../../../Engine/Plugins/Interchange/Assets/Content/gltf/MaterialInstances/MI_Sheen_Blend.uasset" 587
"../../../Engine/Plugins/Interchange/Assets/Content/gltf/MaterialInstances/MI_Sheen_Blend.uexp" 588
"../../../Engine/Plugins/Interchange/Assets/Content/gltf/MaterialInstances/MI_Sheen_Blend_DS.uasset" 589
"../../../Engine/Plugins/Interchange/Assets/Content/gltf/MaterialInstances/MI_Sheen_Blend_DS.uexp" 590
"../../../Engine/Plugins/Interchange/Assets/Content/gltf/MaterialInstances/MI_Sheen_Mask.uasset" 591
"../../../Engine/Plugins/Interchange/Assets/Content/gltf/MaterialInstances/MI_Sheen_Mask.uexp" 592
"../../../Engine/Plugins/Interchange/Assets/Content/gltf/MaterialInstances/MI_Sheen_Mask_DS.uasset" 593
"../../../Engine/Plugins/Interchange/Assets/Content/gltf/MaterialInstances/MI_Sheen_Mask_DS.uexp" 594
"../../../Engine/Plugins/Interchange/Assets/Content/gltf/MaterialInstances/MI_Sheen_Opaque.uasset" 595
"../../../Engine/Plugins/Interchange/Assets/Content/gltf/MaterialInstances/MI_Sheen_Opaque.uexp" 596
"../../../Engine/Plugins/Interchange/Assets/Content/gltf/MaterialInstances/MI_Sheen_Opaque_DS.uasset" 597
"../../../Engine/Plugins/Interchange/Assets/Content/gltf/MaterialInstances/MI_Sheen_Opaque_DS.uexp" 598
"../../../Engine/Content/Functions/Engine_MaterialFunctions02/Math/AddComponents.uasset" 599
"../../../Engine/Content/Functions/Engine_MaterialFunctions02/Math/AddComponents.uexp" 600
"../../../Engine/Plugins/Interchange/Assets/Content/gltf/MaterialFunctions/MF_DiffuseSpecGloss.uasset" 601
"../../../Engine/Plugins/Interchange/Assets/Content/gltf/MaterialFunctions/MF_DiffuseSpecGloss.uexp" 602
"../../../Engine/Plugins/Interchange/Assets/Content/gltf/MaterialFunctions/MF_PerceivedBrightness.uasset" 603
"../../../Engine/Plugins/Interchange/Assets/Content/gltf/MaterialFunctions/MF_PerceivedBrightness.uexp" 604
"../../../Engine/Plugins/Interchange/Assets/Content/gltf/MaterialFunctions/MF_SpecGlossToMetalRoughness.uasset" 605
"../../../Engine/Plugins/Interchange/Assets/Content/gltf/MaterialFunctions/MF_SpecGlossToMetalRoughness.uexp" 606
"../../../Engine/Plugins/Interchange/Assets/Content/gltf/MaterialFunctions/MF_MaxComponentValue.uasset" 607
"../../../Engine/Plugins/Interchange/Assets/Content/gltf/MaterialFunctions/MF_MaxComponentValue.uexp" 608
"../../../Engine/Plugins/Interchange/Assets/Content/gltf/MaterialBodies/MF_SpecularGlossiness_Body.uasset" 609
"../../../Engine/Plugins/Interchange/Assets/Content/gltf/MaterialBodies/MF_SpecularGlossiness_Body.uexp" 610
"../../../Engine/Plugins/Interchange/Assets/Content/gltf/M_SpecularGlossiness.uasset" 611
"../../../Engine/Plugins/Interchange/Assets/Content/gltf/M_SpecularGlossiness.uexp" 612
"../../../Engine/Plugins/Interchange/Assets/Content/gltf/MaterialInstances/MI_SpecularGlossiness_Blend.uasset" 613
"../../../Engine/Plugins/Interchange/Assets/Content/gltf/MaterialInstances/MI_SpecularGlossiness_Blend.uexp" 614
"../../../Engine/Plugins/Interchange/Assets/Content/gltf/MaterialInstances/MI_SpecularGlossiness_Blend_DS.uasset" 615
"../../../Engine/Plugins/Interchange/Assets/Content/gltf/MaterialInstances/MI_SpecularGlossiness_Blend_DS.uexp" 616
"../../../Engine/Plugins/Interchange/Assets/Content/gltf/MaterialInstances/MI_SpecularGlossiness_Mask.uasset" 617
"../../../Engine/Plugins/Interchange/Assets/Content/gltf/MaterialInstances/MI_SpecularGlossiness_Mask.uexp" 618
"../../../Engine/Plugins/Interchange/Assets/Content/gltf/MaterialInstances/MI_SpecularGlossiness_Mask_DS.uasset" 619
"../../../Engine/Plugins/Interchange/Assets/Content/gltf/MaterialInstances/MI_SpecularGlossiness_Mask_DS.uexp" 620
"../../../Engine/Plugins/Interchange/Assets/Content/gltf/MaterialInstances/MI_SpecularGlossiness_Opaque.uasset" 621
"../../../Engine/Plugins/Interchange/Assets/Content/gltf/MaterialInstances/MI_SpecularGlossiness_Opaque.uexp" 622
"../../../Engine/Plugins/Interchange/Assets/Content/gltf/MaterialInstances/MI_SpecularGlossiness_Opaque_DS.uasset" 623
"../../../Engine/Plugins/Interchange/Assets/Content/gltf/MaterialInstances/MI_SpecularGlossiness_Opaque_DS.uexp" 624
"../../../Engine/Content/EngineMaterials/Good64x64TilingNoiseHighFreq.uasset" 625
"../../../Engine/Content/EngineMaterials/Good64x64TilingNoiseHighFreq.uexp" 626
"../../../Engine/Content/Functions/Engine_MaterialFunctions02/Texturing/ScreenAlignedPixelToPixelUVs.uasset" 627
"../../../Engine/Content/Functions/Engine_MaterialFunctions02/Texturing/ScreenAlignedPixelToPixelUVs.uexp" 628
"../../../Engine/Plugins/Interchange/Assets/Content/gltf/MaterialFunctions/MF_Temporal_Blur.uasset" 629
"../../../Engine/Plugins/Interchange/Assets/Content/gltf/MaterialFunctions/MF_Temporal_Blur.uexp" 630
"../../../Engine/Plugins/Interchange/Assets/Content/gltf/MaterialFunctions/MF_Fresnel_DS.uasset" 631
"../../../Engine/Plugins/Interchange/Assets/Content/gltf/MaterialFunctions/MF_Fresnel_DS.uexp" 632
"../../../Engine/Plugins/Interchange/Assets/Content/gltf/MaterialFunctions/MF_Transmission.uasset" 633
"../../../Engine/Plugins/Interchange/Assets/Content/gltf/MaterialFunctions/MF_Transmission.uexp" 634
"../../../Engine/Plugins/Interchange/Assets/Content/gltf/MaterialBodies/MF_Transmission_Body.uasset" 635
"../../../Engine/Plugins/Interchange/Assets/Content/gltf/MaterialBodies/MF_Transmission_Body.uexp" 636
"../../../Engine/Plugins/Interchange/Assets/Content/gltf/M_Transmission.uasset" 637
"../../../Engine/Plugins/Interchange/Assets/Content/gltf/M_Transmission.uexp" 638
"../../../Engine/Plugins/Interchange/Assets/Content/gltf/MaterialInstances/MI_Transmission.uasset" 639
"../../../Engine/Plugins/Interchange/Assets/Content/gltf/MaterialInstances/MI_Transmission.uexp" 640
"../../../Engine/Plugins/Interchange/Assets/Content/gltf/MaterialInstances/MI_Transmission_DS.uasset" 641
"../../../Engine/Plugins/Interchange/Assets/Content/gltf/MaterialInstances/MI_Transmission_DS.uexp" 642
"../../../Engine/Plugins/Interchange/Assets/Content/gltf/MaterialBodies/MF_Unlit_Body.uasset" 643
"../../../Engine/Plugins/Interchange/Assets/Content/gltf/MaterialBodies/MF_Unlit_Body.uexp" 644
"../../../Engine/Plugins/Interchange/Assets/Content/gltf/M_Unlit.uasset" 645
"../../../Engine/Plugins/Interchange/Assets/Content/gltf/M_Unlit.uexp" 646
"../../../Engine/Plugins/Interchange/Assets/Content/gltf/MaterialInstances/MI_Unlit_Blend.uasset" 647
"../../../Engine/Plugins/Interchange/Assets/Content/gltf/MaterialInstances/MI_Unlit_Blend.uexp" 648
"../../../Engine/Plugins/Interchange/Assets/Content/gltf/MaterialInstances/MI_Unlit_Blend_DS.uasset" 649
"../../../Engine/Plugins/Interchange/Assets/Content/gltf/MaterialInstances/MI_Unlit_Blend_DS.uexp" 650
"../../../Engine/Plugins/Interchange/Assets/Content/gltf/MaterialInstances/MI_Unlit_Mask.uasset" 651
"../../../Engine/Plugins/Interchange/Assets/Content/gltf/MaterialInstances/MI_Unlit_Mask.uexp" 652
"../../../Engine/Plugins/Interchange/Assets/Content/gltf/MaterialInstances/MI_Unlit_Mask_DS.uasset" 653
"../../../Engine/Plugins/Interchange/Assets/Content/gltf/MaterialInstances/MI_Unlit_Mask_DS.uexp" 654
"../../../Engine/Plugins/Interchange/Assets/Content/gltf/MaterialInstances/MI_Unlit_Opaque.uasset" 655
"../../../Engine/Plugins/Interchange/Assets/Content/gltf/MaterialInstances/MI_Unlit_Opaque.uexp" 656
"../../../Engine/Plugins/Interchange/Assets/Content/gltf/MaterialInstances/MI_Unlit_Opaque_DS.uasset" 657
"../../../Engine/Plugins/Interchange/Assets/Content/gltf/MaterialInstances/MI_Unlit_Opaque_DS.uexp" 658
"../../../Engine/Content/BasicShapes/Cone.ubulk" 659
"../../../Engine/Content/BasicShapes/Cone.uasset" 660
"../../../Engine/Content/BasicShapes/Cone.uexp" 661
"../../../Engine/Content/BasicShapes/Cylinder.ubulk" 662
"../../../Engine/Content/BasicShapes/Cylinder.uasset" 663
"../../../Engine/Content/BasicShapes/Cylinder.uexp" 664
"../../../Engine/Content/EditorLandscapeResources/SplineEditorMeshMat.uasset" 665
"../../../Engine/Content/EditorLandscapeResources/SplineEditorMeshMat.uexp" 666
"../../../Engine/Content/EditorLandscapeResources/SplineEditorMesh.ubulk" 667
"../../../Engine/Content/EditorLandscapeResources/SplineEditorMesh.uasset" 668
"../../../Engine/Content/EditorLandscapeResources/SplineEditorMesh.uexp" 669
"../../../Engine/Content/EngineResources/WhiteSquareTexture.uasset" 670
"../../../Engine/Content/EngineResources/WhiteSquareTexture.uexp" 671
"../../../Engine/Content/EngineMaterials/Widget3DPassThrough.uasset" 672
"../../../Engine/Content/EngineMaterials/Widget3DPassThrough.uexp" 673
"../../../Engine/Content/EngineMaterials/Widget3DPassThrough_Masked.uasset" 674
"../../../Engine/Content/EngineMaterials/Widget3DPassThrough_Masked.uexp" 675
"../../../Engine/Content/EngineMaterials/Widget3DPassThrough_Opaque.uasset" 676
"../../../Engine/Content/EngineMaterials/Widget3DPassThrough_Opaque.uexp" 677
"../../../Engine/Content/EngineMaterials/Widget3DPassThrough_Masked_OneSided.uasset" 678
"../../../Engine/Content/EngineMaterials/Widget3DPassThrough_Masked_OneSided.uexp" 679
"../../../Engine/Content/EngineMaterials/Widget3DPassThrough_Opaque_OneSided.uasset" 680
"../../../Engine/Content/EngineMaterials/Widget3DPassThrough_Opaque_OneSided.uexp" 681
"../../../Engine/Content/EngineMaterials/Widget3DPassThrough_Translucent.uasset" 682
"../../../Engine/Content/EngineMaterials/Widget3DPassThrough_Translucent.uexp" 683
"../../../Engine/Content/EngineMaterials/Widget3DPassThrough_Translucent_OneSided.uasset" 684
"../../../Engine/Content/EngineMaterials/Widget3DPassThrough_Translucent_OneSided.uexp" 685
"../../../Engine/Plugins/Animation/ControlRig/Content/Controls/ControlRig_Arrow2_1mm.ubulk" 686
"../../../Engine/Plugins/Animation/ControlRig/Content/Controls/ControlRig_Arrow2_1mm.uasset" 687
"../../../Engine/Plugins/Animation/ControlRig/Content/Controls/ControlRig_Arrow2_1mm.uexp" 688
"../../../Engine/Plugins/Animation/ControlRig/Content/Controls/ControlRig_Arrow2_3mm.ubulk" 689
"../../../Engine/Plugins/Animation/ControlRig/Content/Controls/ControlRig_Arrow2_3mm.uasset" 690
"../../../Engine/Plugins/Animation/ControlRig/Content/Controls/ControlRig_Arrow2_3mm.uexp" 691
"../../../Engine/Plugins/Animation/ControlRig/Content/Controls/ControlRig_Arrow2_solid.ubulk" 692
"../../../Engine/Plugins/Animation/ControlRig/Content/Controls/ControlRig_Arrow2_solid.uasset" 693
"../../../Engine/Plugins/Animation/ControlRig/Content/Controls/ControlRig_Arrow2_solid.uexp" 694
"../../../Engine/Plugins/Animation/ControlRig/Content/Controls/ControlRig_Arrow4_1mm.ubulk" 695
"../../../Engine/Plugins/Animation/ControlRig/Content/Controls/ControlRig_Arrow4_1mm.uasset" 696
"../../../Engine/Plugins/Animation/ControlRig/Content/Controls/ControlRig_Arrow4_1mm.uexp" 697
"../../../Engine/Plugins/Animation/ControlRig/Content/Controls/ControlRig_Arrow4_3mm.ubulk" 698
"../../../Engine/Plugins/Animation/ControlRig/Content/Controls/ControlRig_Arrow4_3mm.uasset" 699
"../../../Engine/Plugins/Animation/ControlRig/Content/Controls/ControlRig_Arrow4_3mm.uexp" 700
"../../../Engine/Plugins/Animation/ControlRig/Content/Controls/ControlRig_Arrow4_solid.ubulk" 701
"../../../Engine/Plugins/Animation/ControlRig/Content/Controls/ControlRig_Arrow4_solid.uasset" 702
"../../../Engine/Plugins/Animation/ControlRig/Content/Controls/ControlRig_Arrow4_solid.uexp" 703
"../../../Engine/Plugins/Animation/ControlRig/Content/Controls/ControlRig_Arrow_1mm.ubulk" 704
"../../../Engine/Plugins/Animation/ControlRig/Content/Controls/ControlRig_Arrow_1mm.uasset" 705
"../../../Engine/Plugins/Animation/ControlRig/Content/Controls/ControlRig_Arrow_1mm.uexp" 706
"../../../Engine/Plugins/Animation/ControlRig/Content/Controls/ControlRig_Arrow_3mm.ubulk" 707
"../../../Engine/Plugins/Animation/ControlRig/Content/Controls/ControlRig_Arrow_3mm.uasset" 708
"../../../Engine/Plugins/Animation/ControlRig/Content/Controls/ControlRig_Arrow_3mm.uexp" 709
"../../../Engine/Plugins/Animation/ControlRig/Content/Controls/ControlRig_Arrow_solid.ubulk" 710
"../../../Engine/Plugins/Animation/ControlRig/Content/Controls/ControlRig_Arrow_solid.uasset" 711
"../../../Engine/Plugins/Animation/ControlRig/Content/Controls/ControlRig_Arrow_solid.uexp" 712
"../../../Engine/Plugins/Animation/ControlRig/Content/Controls/ControlRig_Box_1mm.ubulk" 713
"../../../Engine/Plugins/Animation/ControlRig/Content/Controls/ControlRig_Box_1mm.uasset" 714
"../../../Engine/Plugins/Animation/ControlRig/Content/Controls/ControlRig_Box_1mm.uexp" 715
"../../../Engine/Plugins/Animation/ControlRig/Content/Controls/ControlRig_Box_3mm.ubulk" 716
"../../../Engine/Plugins/Animation/ControlRig/Content/Controls/ControlRig_Box_3mm.uasset" 717
"../../../Engine/Plugins/Animation/ControlRig/Content/Controls/ControlRig_Box_3mm.uexp" 718
"../../../Engine/Plugins/Animation/ControlRig/Content/Controls/ControlRig_Box_solid.ubulk" 719
"../../../Engine/Plugins/Animation/ControlRig/Content/Controls/ControlRig_Box_solid.uasset" 720
"../../../Engine/Plugins/Animation/ControlRig/Content/Controls/ControlRig_Box_solid.uexp" 721
"../../../Engine/Plugins/Animation/ControlRig/Content/Controls/ControlRig_Circle_1mm.ubulk" 722
"../../../Engine/Plugins/Animation/ControlRig/Content/Controls/ControlRig_Circle_1mm.uasset" 723
"../../../Engine/Plugins/Animation/ControlRig/Content/Controls/ControlRig_Circle_1mm.uexp" 724
"../../../Engine/Plugins/Animation/ControlRig/Content/Controls/ControlRig_Circle_3mm.ubulk" 725
"../../../Engine/Plugins/Animation/ControlRig/Content/Controls/ControlRig_Circle_3mm.uasset" 726
"../../../Engine/Plugins/Animation/ControlRig/Content/Controls/ControlRig_Circle_3mm.uexp" 727
"../../../Engine/Plugins/Animation/ControlRig/Content/Controls/ControlRig_Circle_solid.ubulk" 728
"../../../Engine/Plugins/Animation/ControlRig/Content/Controls/ControlRig_Circle_solid.uasset" 729
"../../../Engine/Plugins/Animation/ControlRig/Content/Controls/ControlRig_Circle_solid.uexp" 730
"../../../Engine/Plugins/Animation/ControlRig/Content/Controls/ControlRig_Diamond_1mm.ubulk" 731
"../../../Engine/Plugins/Animation/ControlRig/Content/Controls/ControlRig_Diamond_1mm.uasset" 732
"../../../Engine/Plugins/Animation/ControlRig/Content/Controls/ControlRig_Diamond_1mm.uexp" 733
"../../../Engine/Plugins/Animation/ControlRig/Content/Controls/ControlRig_Diamond_3mm.ubulk" 734
"../../../Engine/Plugins/Animation/ControlRig/Content/Controls/ControlRig_Diamond_3mm.uasset" 735
"../../../Engine/Plugins/Animation/ControlRig/Content/Controls/ControlRig_Diamond_3mm.uexp" 736
"../../../Engine/Plugins/Animation/ControlRig/Content/Controls/ControlRig_Diamond_solid.ubulk" 737
"../../../Engine/Plugins/Animation/ControlRig/Content/Controls/ControlRig_Diamond_solid.uasset" 738
"../../../Engine/Plugins/Animation/ControlRig/Content/Controls/ControlRig_Diamond_solid.uexp" 739
"../../../Engine/Plugins/Animation/ControlRig/Content/Controls/ControlRig_HalfCircle_1mm.ubulk" 740
"../../../Engine/Plugins/Animation/ControlRig/Content/Controls/ControlRig_HalfCircle_1mm.uasset" 741
"../../../Engine/Plugins/Animation/ControlRig/Content/Controls/ControlRig_HalfCircle_1mm.uexp" 742
"../../../Engine/Plugins/Animation/ControlRig/Content/Controls/ControlRig_HalfCircle_3mm.ubulk" 743
"../../../Engine/Plugins/Animation/ControlRig/Content/Controls/ControlRig_HalfCircle_3mm.uasset" 744
"../../../Engine/Plugins/Animation/ControlRig/Content/Controls/ControlRig_HalfCircle_3mm.uexp" 745
"../../../Engine/Plugins/Animation/ControlRig/Content/Controls/ControlRig_HalfCircle_solid.ubulk" 746
"../../../Engine/Plugins/Animation/ControlRig/Content/Controls/ControlRig_HalfCircle_solid.uasset" 747
"../../../Engine/Plugins/Animation/ControlRig/Content/Controls/ControlRig_HalfCircle_solid.uexp" 748
"../../../Engine/Plugins/Animation/ControlRig/Content/Controls/ControlRig_Hexagon_1mm.ubulk" 749
"../../../Engine/Plugins/Animation/ControlRig/Content/Controls/ControlRig_Hexagon_1mm.uasset" 750
"../../../Engine/Plugins/Animation/ControlRig/Content/Controls/ControlRig_Hexagon_1mm.uexp" 751
"../../../Engine/Plugins/Animation/ControlRig/Content/Controls/ControlRig_Hexagon_3mm.ubulk" 752
"../../../Engine/Plugins/Animation/ControlRig/Content/Controls/ControlRig_Hexagon_3mm.uasset" 753
"../../../Engine/Plugins/Animation/ControlRig/Content/Controls/ControlRig_Hexagon_3mm.uexp" 754
"../../../Engine/Plugins/Animation/ControlRig/Content/Controls/ControlRig_Hexagon_solid.ubulk" 755
"../../../Engine/Plugins/Animation/ControlRig/Content/Controls/ControlRig_Hexagon_solid.uasset" 756
"../../../Engine/Plugins/Animation/ControlRig/Content/Controls/ControlRig_Hexagon_solid.uexp" 757
"../../../Engine/Plugins/Animation/ControlRig/Content/Controls/ControlRig_Octagon_1mm.ubulk" 758
"../../../Engine/Plugins/Animation/ControlRig/Content/Controls/ControlRig_Octagon_1mm.uasset" 759
"../../../Engine/Plugins/Animation/ControlRig/Content/Controls/ControlRig_Octagon_1mm.uexp" 760
"../../../Engine/Plugins/Animation/ControlRig/Content/Controls/ControlRig_Octagon_3mm.ubulk" 761
"../../../Engine/Plugins/Animation/ControlRig/Content/Controls/ControlRig_Octagon_3mm.uasset" 762
"../../../Engine/Plugins/Animation/ControlRig/Content/Controls/ControlRig_Octagon_3mm.uexp" 763
"../../../Engine/Plugins/Animation/ControlRig/Content/Controls/ControlRig_Octagon_solid.ubulk" 764
"../../../Engine/Plugins/Animation/ControlRig/Content/Controls/ControlRig_Octagon_solid.uasset" 765
"../../../Engine/Plugins/Animation/ControlRig/Content/Controls/ControlRig_Octagon_solid.uexp" 766
"../../../Engine/Plugins/Animation/ControlRig/Content/Controls/ControlRig_Pyramid_1mm.ubulk" 767
"../../../Engine/Plugins/Animation/ControlRig/Content/Controls/ControlRig_Pyramid_1mm.uasset" 768
"../../../Engine/Plugins/Animation/ControlRig/Content/Controls/ControlRig_Pyramid_1mm.uexp" 769
"../../../Engine/Plugins/Animation/ControlRig/Content/Controls/ControlRig_Pyramid_3mm.ubulk" 770
"../../../Engine/Plugins/Animation/ControlRig/Content/Controls/ControlRig_Pyramid_3mm.uasset" 771
"../../../Engine/Plugins/Animation/ControlRig/Content/Controls/ControlRig_Pyramid_3mm.uexp" 772
"../../../Engine/Plugins/Animation/ControlRig/Content/Controls/ControlRig_Pyramid_solid.ubulk" 773
"../../../Engine/Plugins/Animation/ControlRig/Content/Controls/ControlRig_Pyramid_solid.uasset" 774
"../../../Engine/Plugins/Animation/ControlRig/Content/Controls/ControlRig_Pyramid_solid.uexp" 775
"../../../Engine/Plugins/Animation/ControlRig/Content/Controls/ControlRig_QuarterCircle_1mm.ubulk" 776
"../../../Engine/Plugins/Animation/ControlRig/Content/Controls/ControlRig_QuarterCircle_1mm.uasset" 777
"../../../Engine/Plugins/Animation/ControlRig/Content/Controls/ControlRig_QuarterCircle_1mm.uexp" 778
"../../../Engine/Plugins/Animation/ControlRig/Content/Controls/ControlRig_QuarterCircle_3mm.ubulk" 779
"../../../Engine/Plugins/Animation/ControlRig/Content/Controls/ControlRig_QuarterCircle_3mm.uasset" 780
"../../../Engine/Plugins/Animation/ControlRig/Content/Controls/ControlRig_QuarterCircle_3mm.uexp" 781
"../../../Engine/Plugins/Animation/ControlRig/Content/Controls/ControlRig_QuarterCircle_solid.ubulk" 782
"../../../Engine/Plugins/Animation/ControlRig/Content/Controls/ControlRig_QuarterCircle_solid.uasset" 783
"../../../Engine/Plugins/Animation/ControlRig/Content/Controls/ControlRig_QuarterCircle_solid.uexp" 784
"../../../Engine/Plugins/Animation/ControlRig/Content/Controls/ControlRig_RoundedSquare_1mm.ubulk" 785
"../../../Engine/Plugins/Animation/ControlRig/Content/Controls/ControlRig_RoundedSquare_1mm.uasset" 786
"../../../Engine/Plugins/Animation/ControlRig/Content/Controls/ControlRig_RoundedSquare_1mm.uexp" 787
"../../../Engine/Plugins/Animation/ControlRig/Content/Controls/ControlRig_RoundedSquare_3mm.ubulk" 788
"../../../Engine/Plugins/Animation/ControlRig/Content/Controls/ControlRig_RoundedSquare_3mm.uasset" 789
"../../../Engine/Plugins/Animation/ControlRig/Content/Controls/ControlRig_RoundedSquare_3mm.uexp" 790
"../../../Engine/Plugins/Animation/ControlRig/Content/Controls/ControlRig_RoundedSquare_solid.ubulk" 791
"../../../Engine/Plugins/Animation/ControlRig/Content/Controls/ControlRig_RoundedSquare_solid.uasset" 792
"../../../Engine/Plugins/Animation/ControlRig/Content/Controls/ControlRig_RoundedSquare_solid.uexp" 793
"../../../Engine/Plugins/Animation/ControlRig/Content/Controls/ControlRig_RoundedTriangle_1mm.ubulk" 794
"../../../Engine/Plugins/Animation/ControlRig/Content/Controls/ControlRig_RoundedTriangle_1mm.uasset" 795
"../../../Engine/Plugins/Animation/ControlRig/Content/Controls/ControlRig_RoundedTriangle_1mm.uexp" 796
"../../../Engine/Plugins/Animation/ControlRig/Content/Controls/ControlRig_RoundedTriangle_3mm.ubulk" 797
"../../../Engine/Plugins/Animation/ControlRig/Content/Controls/ControlRig_RoundedTriangle_3mm.uasset" 798
"../../../Engine/Plugins/Animation/ControlRig/Content/Controls/ControlRig_RoundedTriangle_3mm.uexp" 799
"../../../Engine/Plugins/Animation/ControlRig/Content/Controls/ControlRig_RoundedTriangle_solid.ubulk" 800
"../../../Engine/Plugins/Animation/ControlRig/Content/Controls/ControlRig_RoundedTriangle_solid.uasset" 801
"../../../Engine/Plugins/Animation/ControlRig/Content/Controls/ControlRig_RoundedTriangle_solid.uexp" 802
"../../../Engine/Plugins/Animation/ControlRig/Content/Controls/ControlRig_Sphere_1mm.ubulk" 803
"../../../Engine/Plugins/Animation/ControlRig/Content/Controls/ControlRig_Sphere_1mm.uasset" 804
"../../../Engine/Plugins/Animation/ControlRig/Content/Controls/ControlRig_Sphere_1mm.uexp" 805
"../../../Engine/Plugins/Animation/ControlRig/Content/Controls/ControlRig_Sphere_3mm.ubulk" 806
"../../../Engine/Plugins/Animation/ControlRig/Content/Controls/ControlRig_Sphere_3mm.uasset" 807
"../../../Engine/Plugins/Animation/ControlRig/Content/Controls/ControlRig_Sphere_3mm.uexp" 808
"../../../Engine/Plugins/Animation/ControlRig/Content/Controls/ControlRig_Sphere_solid.ubulk" 809
"../../../Engine/Plugins/Animation/ControlRig/Content/Controls/ControlRig_Sphere_solid.uasset" 810
"../../../Engine/Plugins/Animation/ControlRig/Content/Controls/ControlRig_Sphere_solid.uexp" 811
"../../../Engine/Plugins/Animation/ControlRig/Content/Controls/ControlRig_Square_1mm.ubulk" 812
"../../../Engine/Plugins/Animation/ControlRig/Content/Controls/ControlRig_Square_1mm.uasset" 813
"../../../Engine/Plugins/Animation/ControlRig/Content/Controls/ControlRig_Square_1mm.uexp" 814
"../../../Engine/Plugins/Animation/ControlRig/Content/Controls/ControlRig_Square_3mm.ubulk" 815
"../../../Engine/Plugins/Animation/ControlRig/Content/Controls/ControlRig_Square_3mm.uasset" 816
"../../../Engine/Plugins/Animation/ControlRig/Content/Controls/ControlRig_Square_3mm.uexp" 817
"../../../Engine/Plugins/Animation/ControlRig/Content/Controls/ControlRig_Square_solid.ubulk" 818
"../../../Engine/Plugins/Animation/ControlRig/Content/Controls/ControlRig_Square_solid.uasset" 819
"../../../Engine/Plugins/Animation/ControlRig/Content/Controls/ControlRig_Square_solid.uexp" 820
"../../../Engine/Plugins/Animation/ControlRig/Content/Controls/ControlRig_Star4_1mm.ubulk" 821
"../../../Engine/Plugins/Animation/ControlRig/Content/Controls/ControlRig_Star4_1mm.uasset" 822
"../../../Engine/Plugins/Animation/ControlRig/Content/Controls/ControlRig_Star4_1mm.uexp" 823
"../../../Engine/Plugins/Animation/ControlRig/Content/Controls/ControlRig_Star4_3mm.ubulk" 824
"../../../Engine/Plugins/Animation/ControlRig/Content/Controls/ControlRig_Star4_3mm.uasset" 825
"../../../Engine/Plugins/Animation/ControlRig/Content/Controls/ControlRig_Star4_3mm.uexp" 826
"../../../Engine/Plugins/Animation/ControlRig/Content/Controls/ControlRig_Star4_solid.ubulk" 827
"../../../Engine/Plugins/Animation/ControlRig/Content/Controls/ControlRig_Star4_solid.uasset" 828
"../../../Engine/Plugins/Animation/ControlRig/Content/Controls/ControlRig_Star4_solid.uexp" 829
"../../../Engine/Plugins/Animation/ControlRig/Content/Controls/ControlRig_Triangle_1mm.ubulk" 830
"../../../Engine/Plugins/Animation/ControlRig/Content/Controls/ControlRig_Triangle_1mm.uasset" 831
"../../../Engine/Plugins/Animation/ControlRig/Content/Controls/ControlRig_Triangle_1mm.uexp" 832
"../../../Engine/Plugins/Animation/ControlRig/Content/Controls/ControlRig_Triangle_3mm.ubulk" 833
"../../../Engine/Plugins/Animation/ControlRig/Content/Controls/ControlRig_Triangle_3mm.uasset" 834
"../../../Engine/Plugins/Animation/ControlRig/Content/Controls/ControlRig_Triangle_3mm.uexp" 835
"../../../Engine/Plugins/Animation/ControlRig/Content/Controls/ControlRig_Triangle_solid.ubulk" 836
"../../../Engine/Plugins/Animation/ControlRig/Content/Controls/ControlRig_Triangle_solid.uasset" 837
"../../../Engine/Plugins/Animation/ControlRig/Content/Controls/ControlRig_Triangle_solid.uexp" 838
"../../../Engine/Plugins/Animation/ControlRig/Content/Controls/ControlRig_Wedge_1mm.ubulk" 839
"../../../Engine/Plugins/Animation/ControlRig/Content/Controls/ControlRig_Wedge_1mm.uasset" 840
"../../../Engine/Plugins/Animation/ControlRig/Content/Controls/ControlRig_Wedge_1mm.uexp" 841
"../../../Engine/Plugins/Animation/ControlRig/Content/Controls/ControlRig_Wedge_3mm.ubulk" 842
"../../../Engine/Plugins/Animation/ControlRig/Content/Controls/ControlRig_Wedge_3mm.uasset" 843
"../../../Engine/Plugins/Animation/ControlRig/Content/Controls/ControlRig_Wedge_3mm.uexp" 844
"../../../Engine/Plugins/Animation/ControlRig/Content/Controls/ControlRig_Wedge_solid.ubulk" 845
"../../../Engine/Plugins/Animation/ControlRig/Content/Controls/ControlRig_Wedge_solid.uasset" 846
"../../../Engine/Plugins/Animation/ControlRig/Content/Controls/ControlRig_Wedge_solid.uexp" 847
"../../../Engine/Content/Functions/Engine_MaterialFunctions02/Texturing/CustomRotator.uasset" 848
"../../../Engine/Content/Functions/Engine_MaterialFunctions02/Texturing/CustomRotator.uexp" 849
"../../../Engine/Content/Functions/Engine_MaterialFunctions01/Texturing/ScaleUVsByCenter.uasset" 850
"../../../Engine/Content/Functions/Engine_MaterialFunctions01/Texturing/ScaleUVsByCenter.uexp" 851
"../../../Engine/Content/Functions/Engine_MaterialFunctions01/Gradient/GeneratedRoundRect.uasset" 852
"../../../Engine/Content/Functions/Engine_MaterialFunctions01/Gradient/GeneratedRoundRect.uexp" 853
"../../../Engine/Content/Functions/Engine_MaterialFunctions01/Gradient/SphereGradient-2D.uasset" 854
"../../../Engine/Content/Functions/Engine_MaterialFunctions01/Gradient/SphereGradient-2D.uexp" 855
"../../../Engine/Plugins/Runtime/AudioWidgets/Content/AudioMaterialSlate/Functions/MF_DotOutlined.uasset" 856
"../../../Engine/Plugins/Runtime/AudioWidgets/Content/AudioMaterialSlate/Functions/MF_DotOutlined.uexp" 857
"../../../Engine/Plugins/Runtime/AudioWidgets/Content/AudioMaterialSlate/M_AudioMaterialEnvelope_ADSR.uasset" 858
"../../../Engine/Plugins/Runtime/AudioWidgets/Content/AudioMaterialSlate/M_AudioMaterialEnvelope_ADSR.uexp" 859
"../../../Engine/Plugins/Runtime/AudioWidgets/Content/AudioMaterialSlate/MI_AudioMaterialEnvelope_ADSR.uasset" 860
"../../../Engine/Plugins/Runtime/AudioWidgets/Content/AudioMaterialSlate/MI_AudioMaterialEnvelope_ADSR.uexp" 861
"../../../Engine/Plugins/Runtime/AudioWidgets/Content/AudioMaterialSlate/Functions/MF_SingleLine_Smooth.uasset" 862
"../../../Engine/Plugins/Runtime/AudioWidgets/Content/AudioMaterialSlate/Functions/MF_SingleLine_Smooth.uexp" 863
"../../../Engine/Plugins/Runtime/AudioWidgets/Content/AudioMaterialSlate/Functions/MF_AngleGradient.uasset" 864
"../../../Engine/Plugins/Runtime/AudioWidgets/Content/AudioMaterialSlate/Functions/MF_AngleGradient.uexp" 865
"../../../Engine/Content/Functions/Engine_MaterialFunctions02/Lerp_3Color.uasset" 866
"../../../Engine/Content/Functions/Engine_MaterialFunctions02/Lerp_3Color.uexp" 867
"../../../Engine/Plugins/Runtime/AudioWidgets/Content/AudioMaterialSlate/M_AudioMaterialKnob.uasset" 868
"../../../Engine/Plugins/Runtime/AudioWidgets/Content/AudioMaterialSlate/M_AudioMaterialKnob.uexp" 869
"../../../Engine/Plugins/Runtime/AudioWidgets/Content/AudioMaterialSlate/MI_AudioMaterialKnob.uasset" 870
"../../../Engine/Plugins/Runtime/AudioWidgets/Content/AudioMaterialSlate/MI_AudioMaterialKnob.uexp" 871
"../../../Engine/Plugins/Runtime/AudioWidgets/Content/AudioMaterialSlate/Functions/MF_Lines.uasset" 872
"../../../Engine/Plugins/Runtime/AudioWidgets/Content/AudioMaterialSlate/Functions/MF_Lines.uexp" 873
"../../../Engine/Plugins/Runtime/AudioWidgets/Content/AudioMaterialSlate/M_AudioMaterialMeter.uasset" 874
"../../../Engine/Plugins/Runtime/AudioWidgets/Content/AudioMaterialSlate/M_AudioMaterialMeter.uexp" 875
"../../../Engine/Plugins/Runtime/AudioWidgets/Content/AudioMaterialSlate/MI_AudioMaterialMeter.uasset" 876
"../../../Engine/Plugins/Runtime/AudioWidgets/Content/AudioMaterialSlate/MI_AudioMaterialMeter.uexp" 877
"../../../Engine/Plugins/Runtime/AudioWidgets/Content/AudioMaterialSlate/M_AudioMaterialRoundedSlider.uasset" 878
"../../../Engine/Plugins/Runtime/AudioWidgets/Content/AudioMaterialSlate/M_AudioMaterialRoundedSlider.uexp" 879
"../../../Engine/Plugins/Runtime/AudioWidgets/Content/AudioMaterialSlate/MI_AudioMaterialRoundedSlider.uasset" 880
"../../../Engine/Plugins/Runtime/AudioWidgets/Content/AudioMaterialSlate/MI_AudioMaterialRoundedSlider.uexp" 881
"../../../Engine/Plugins/Runtime/AudioWidgets/Content/AudioMaterialSlate/Functions/MF_SingleLine.uasset" 882
"../../../Engine/Plugins/Runtime/AudioWidgets/Content/AudioMaterialSlate/Functions/MF_SingleLine.uexp" 883
"../../../Engine/Plugins/Runtime/AudioWidgets/Content/AudioMaterialSlate/M_AudioMaterialToggleButton.uasset" 884
"../../../Engine/Plugins/Runtime/AudioWidgets/Content/AudioMaterialSlate/M_AudioMaterialToggleButton.uexp" 885
"../../../Engine/Plugins/Runtime/AudioWidgets/Content/AudioMaterialSlate/MI_AudioMaterialToggleButton.uasset" 886
"../../../Engine/Plugins/Runtime/AudioWidgets/Content/AudioMaterialSlate/MI_AudioMaterialToggleButton.uexp" 887
"../../../Engine/Plugins/2D/Paper2D/Content/DefaultSpriteMaterial.uasset" 888
"../../../Engine/Plugins/2D/Paper2D/Content/DefaultSpriteMaterial.uexp" 889
"../../../Engine/Plugins/2D/Paper2D/Content/MaskedUnlitSpriteMaterial.uasset" 890
"../../../Engine/Plugins/2D/Paper2D/Content/MaskedUnlitSpriteMaterial.uexp" 891
"../../../Engine/Plugins/2D/Paper2D/Content/OpaqueUnlitSpriteMaterial.uasset" 892
"../../../Engine/Plugins/2D/Paper2D/Content/OpaqueUnlitSpriteMaterial.uexp" 893
"../../../Engine/Plugins/Media/MediaPlate/Content/SM_MediaPlateScreen.ubulk" 894
"../../../Engine/Plugins/Media/MediaPlate/Content/SM_MediaPlateScreen.uasset" 895
"../../../Engine/Plugins/Media/MediaPlate/Content/SM_MediaPlateScreen.uexp" 896
"../../../Engine/Content/EngineResources/LandscapeVisibilityLayerInfo.uasset" 897
"../../../Engine/Content/EngineResources/LandscapeVisibilityLayerInfo.uexp" 898
"../../../Engine/Content/VREditor/TransformGizmo/StartRotationHandleIndicator.ubulk" 899
"../../../Engine/Content/VREditor/TransformGizmo/StartRotationHandleIndicator.uasset" 900
"../../../Engine/Content/VREditor/TransformGizmo/StartRotationHandleIndicator.uexp" 901
"../../../Engine/Content/VREditor/Sounds/UI/Drop_Item_From_ContentBrowser.ubulk" 902
"../../../Engine/Content/VREditor/Sounds/UI/Drop_Item_From_ContentBrowser.uasset" 903
"../../../Engine/Content/VREditor/Sounds/UI/Drop_Item_From_ContentBrowser.uexp" 904
"../../../Engine/Content/VREditor/TransformGizmo/PlaneTranslationHandle.ubulk" 905
"../../../Engine/Content/VREditor/TransformGizmo/PlaneTranslationHandle.uasset" 906
"../../../Engine/Content/VREditor/TransformGizmo/PlaneTranslationHandle.uexp" 907
"../../../Engine/Content/VREditor/Sounds/UI/Object_Snaps_To_Grid.ubulk" 908
"../../../Engine/Content/VREditor/Sounds/UI/Object_Snaps_To_Grid.uasset" 909
"../../../Engine/Content/VREditor/Sounds/UI/Object_Snaps_To_Grid.uexp" 910
"../../../Engine/Content/VREditor/Sounds/UI/Selection_Changes.ubulk" 911
"../../../Engine/Content/VREditor/Sounds/UI/Selection_Changes.uasset" 912
"../../../Engine/Content/VREditor/Sounds/UI/Selection_Changes.uexp" 913
"../../../Engine/Content/VREditor/Sounds/UI/Object_Snaps_To_Another_Actor.ubulk" 914
"../../../Engine/Content/VREditor/Sounds/UI/Object_Snaps_To_Another_Actor.uasset" 915
"../../../Engine/Content/VREditor/Sounds/UI/Object_Snaps_To_Another_Actor.uexp" 916
"../../../Engine/Content/VREditor/TransformGizmo/TranslucentTransformGizmoMaterial_Inst.uasset" 917
"../../../Engine/Content/VREditor/TransformGizmo/TranslucentTransformGizmoMaterial_Inst.uexp" 918
"../../../Engine/Content/VREditor/TransformGizmo/TransformGizmoFreeRotation.ubulk" 919
"../../../Engine/Content/VREditor/TransformGizmo/TransformGizmoFreeRotation.uasset" 920
"../../../Engine/Content/VREditor/TransformGizmo/TransformGizmoFreeRotation.uexp" 921
"../../../Engine/Content/VREditor/Sounds/UI/Scaling_Down.ubulk" 922
"../../../Engine/Content/VREditor/Sounds/UI/Scaling_Down.uasset" 923
"../../../Engine/Content/VREditor/Sounds/UI/Scaling_Down.uexp" 924
"../../../Engine/Content/Functions/Engine_MaterialFunctions02/SplitComponents.uasset" 925
"../../../Engine/Content/Functions/Engine_MaterialFunctions02/SplitComponents.uexp" 926
"../../../Engine/Content/VREditor/SnapGrid/SnapGridMaterial.uasset" 927
"../../../Engine/Content/VREditor/SnapGrid/SnapGridMaterial.uexp" 928
"../../../Engine/Content/VREditor/SnapGrid/SnapGridPlaneMesh.ubulk" 929
"../../../Engine/Content/VREditor/SnapGrid/SnapGridPlaneMesh.uasset" 930
"../../../Engine/Content/VREditor/SnapGrid/SnapGridPlaneMesh.uexp" 931
"../../../Engine/Content/VREditor/Sounds/UI/Scaling_Up.ubulk" 932
"../../../Engine/Content/VREditor/Sounds/UI/Scaling_Up.uasset" 933
"../../../Engine/Content/VREditor/Sounds/UI/Scaling_Up.uexp" 934
"../../../Engine/Content/VREditor/TransformGizmo/TransformGizmoMaterial_Inst.uasset" 935
"../../../Engine/Content/VREditor/TransformGizmo/TransformGizmoMaterial_Inst.uexp" 936
"../../../Engine/Content/VREditor/Sounds/UI/Gizmo_Handle_Clicked.ubulk" 937
"../../../Engine/Content/VREditor/Sounds/UI/Gizmo_Handle_Clicked.uasset" 938
"../../../Engine/Content/VREditor/Sounds/UI/Gizmo_Handle_Clicked.uexp" 939
"../../../Engine/Content/VREditor/TransformGizmo/RotationHandleQuarter.ubulk" 940
"../../../Engine/Content/VREditor/TransformGizmo/RotationHandleQuarter.uasset" 941
"../../../Engine/Content/VREditor/TransformGizmo/RotationHandleQuarter.uexp" 942
"../../../Engine/Content/VREditor/TransformGizmo/TranslateArrowHandle.ubulk" 943
"../../../Engine/Content/VREditor/TransformGizmo/TranslateArrowHandle.uasset" 944
"../../../Engine/Content/VREditor/TransformGizmo/TranslateArrowHandle.uexp" 945
"../../../Engine/Content/VREditor/TransformGizmo/RotationHandleIndicator.ubulk" 946
"../../../Engine/Content/VREditor/TransformGizmo/RotationHandleIndicator.uasset" 947
"../../../Engine/Content/VREditor/TransformGizmo/RotationHandleIndicator.uexp" 948
"../../../Engine/Content/VREditor/TransformGizmo/UniformScaleHandle.ubulk" 949
"../../../Engine/Content/VREditor/TransformGizmo/UniformScaleHandle.uasset" 950
"../../../Engine/Content/VREditor/TransformGizmo/UniformScaleHandle.uexp" 951
"../../../Engine/Content/VREditor/TransformGizmo/RotationHandleFull.ubulk" 952
"../../../Engine/Content/VREditor/TransformGizmo/RotationHandleFull.uasset" 953
"../../../Engine/Content/VREditor/TransformGizmo/RotationHandleFull.uexp" 954
"../../../Engine/Content/VREditor/Sounds/UI/Object_PickUp.ubulk" 955
"../../../Engine/Content/VREditor/Sounds/UI/Object_PickUp.uasset" 956
"../../../Engine/Content/VREditor/Sounds/UI/Object_PickUp.uexp" 957
"../../../Engine/Plugins/Animation/DeformerGraph/Content/DeformerFunctions/DG_Function_ComputeNormalsTangents.uasset" 958
"../../../Engine/Plugins/Animation/DeformerGraph/Content/DeformerFunctions/DG_Function_ComputeNormalsTangents.uexp" 959
"../../../Engine/Plugins/Animation/DeformerGraph/Content/DeformerFunctions/DG_Function_LinearBlendSkin_Morph_Cloth.uasset" 960
"../../../Engine/Plugins/Animation/DeformerGraph/Content/DeformerFunctions/DG_Function_LinearBlendSkin_Morph_Cloth.uexp" 961
"../../../Engine/Plugins/Animation/DeformerGraph/Content/DeformerFunctions/DG_Function_LinearBlendSkin_Morph_Cloth_PositionOnly.uasset" 962
"../../../Engine/Plugins/Animation/DeformerGraph/Content/DeformerFunctions/DG_Function_LinearBlendSkin_Morph_Cloth_PositionOnly.uexp" 963
"../../../Engine/Plugins/Animation/DeformerGraph/Content/Deformers/DG_LinearBlendSkin_Morph_Cloth.uasset" 964
"../../../Engine/Plugins/Animation/DeformerGraph/Content/Deformers/DG_LinearBlendSkin_Morph_Cloth.uexp" 965
"../../../Engine/Plugins/Animation/DeformerGraph/Content/Deformers/DG_LinearBlendSkin_Morph_Cloth_RecomputeNormals.uasset" 966
"../../../Engine/Plugins/Animation/DeformerGraph/Content/Deformers/DG_LinearBlendSkin_Morph_Cloth_RecomputeNormals.uexp" 967
"../../../Engine/Plugins/NNE/NNEDenoiser/Content/NNEDT_Oidn2-3_Balanced.uasset" 968
"../../../Engine/Plugins/NNE/NNEDenoiser/Content/NNEDT_Oidn2-3_Balanced.uexp" 969
"../../../Engine/Plugins/NNE/NNEDenoiser/Content/NNEDT_Oidn2-3_Balanced_Alpha.uasset" 970
"../../../Engine/Plugins/NNE/NNEDenoiser/Content/NNEDT_Oidn2-3_Balanced_Alpha.uexp" 971
"../../../Engine/Plugins/NNE/NNEDenoiser/Content/NNED_Oidn2-3_Balanced.uasset" 972
"../../../Engine/Plugins/NNE/NNEDenoiser/Content/NNED_Oidn2-3_Balanced.uexp" 973
"../../../Engine/Plugins/NNE/NNEDenoiser/Content/NNED_Oidn2-3_Balanced_Alpha.uasset" 974
"../../../Engine/Plugins/NNE/NNEDenoiser/Content/NNED_Oidn2-3_Balanced_Alpha.uexp" 975
"../../../Engine/Plugins/NNE/NNEDenoiser/Content/NNED_Oidn2-3_Fast.uasset" 976
"../../../Engine/Plugins/NNE/NNEDenoiser/Content/NNED_Oidn2-3_Fast.uexp" 977
"../../../Engine/Plugins/NNE/NNEDenoiser/Content/NNED_Oidn2-3_Fast_Alpha.uasset" 978
"../../../Engine/Plugins/NNE/NNEDenoiser/Content/NNED_Oidn2-3_Fast_Alpha.uexp" 979
"../../../Engine/Plugins/NNE/NNEDenoiser/Content/NNED_Oidn2-3_HighQuality.uasset" 980
"../../../Engine/Plugins/NNE/NNEDenoiser/Content/NNED_Oidn2-3_HighQuality.uexp" 981
"../../../Engine/Plugins/NNE/NNEDenoiser/Content/NNED_Oidn2-3_HighQuality_Alpha.uasset" 982
"../../../Engine/Plugins/NNE/NNEDenoiser/Content/NNED_Oidn2-3_HighQuality_Alpha.uexp" 983
"../../../Engine/Plugins/NNE/NNEDenoiser/Content/NNE_oidn2-3-0_rt_hdr_alb_nrm_small__dyn__fp16_opset11_DenoiseAlpha.uasset" 984
"../../../Engine/Plugins/NNE/NNEDenoiser/Content/NNE_oidn2-3-0_rt_hdr_alb_nrm_small__dyn__fp16_opset11_DenoiseAlpha.uexp" 985
"../../../Engine/Plugins/NNE/NNEDenoiser/Content/NNE_oidn2-3-0_rt_hdr_alb_nrm_small__dyn__fp16_opset11_ForwardAlpha.uasset" 986
"../../../Engine/Plugins/NNE/NNEDenoiser/Content/NNE_oidn2-3-0_rt_hdr_alb_nrm_small__dyn__fp16_opset11_ForwardAlpha.uexp" 987
"../../../Engine/Plugins/NNE/NNEDenoiser/Content/NNE_oidn2-3-0_rt_hdr_alb_nrm__dyn__fp16_opset11_DenoiseAlpha.uasset" 988
"../../../Engine/Plugins/NNE/NNEDenoiser/Content/NNE_oidn2-3-0_rt_hdr_alb_nrm__dyn__fp16_opset11_DenoiseAlpha.uexp" 989
"../../../Engine/Plugins/NNE/NNEDenoiser/Content/NNE_oidn2-3-0_rt_hdr_alb_nrm__dyn__fp16_opset11_ForwardAlpha.uasset" 990
"../../../Engine/Plugins/NNE/NNEDenoiser/Content/NNE_oidn2-3-0_rt_hdr_alb_nrm__dyn__fp16_opset11_ForwardAlpha.uexp" 991
"../../../Engine/Plugins/NNE/NNEDenoiser/Content/NNE_oidn2-3-0_rt_hdr_calb_cnrm_large__dyn__fp16_opset11_DenoiseAlpha.uasset" 992
"../../../Engine/Plugins/NNE/NNEDenoiser/Content/NNE_oidn2-3-0_rt_hdr_calb_cnrm_large__dyn__fp16_opset11_DenoiseAlpha.uexp" 993
"../../../Engine/Plugins/NNE/NNEDenoiser/Content/NNE_oidn2-3-0_rt_hdr_calb_cnrm_large__dyn__fp16_opset11_ForwardAlpha.uasset" 994
"../../../Engine/Plugins/NNE/NNEDenoiser/Content/NNE_oidn2-3-0_rt_hdr_calb_cnrm_large__dyn__fp16_opset11_ForwardAlpha.uexp" 995
"../../../Engine/Content/BasicShapes/Cube.ubulk" 996
"../../../Engine/Content/BasicShapes/Cube.uasset" 997
"../../../Engine/Content/BasicShapes/Cube.uexp" 998
"../../../Engine/Content/BasicShapes/Plane.ubulk" 999
"../../../Engine/Content/BasicShapes/Plane.uasset" 1000
"../../../Engine/Content/BasicShapes/Plane.uexp" 1001
"C:/Users/jhade/OneDrive/Documents/basebuild/BaseBuild/Content/Blueprints/FirstPerson/Maps/dev_testmap_BuiltData.ubulk" 1002
"C:/Users/jhade/OneDrive/Documents/basebuild/BaseBuild/Content/Blueprints/FirstPerson/Maps/dev_testmap_BuiltData.uasset" 1003
"C:/Users/jhade/OneDrive/Documents/basebuild/BaseBuild/Content/Blueprints/FirstPerson/Maps/dev_testmap_BuiltData.uexp" 1004
"../../../Engine/Content/EngineSky/T_Sky_Stars.ubulk" 1005
"../../../Engine/Content/EngineSky/T_Sky_Stars.uasset" 1006
"../../../Engine/Content/EngineSky/T_Sky_Stars.uexp" 1007
"../../../Engine/Content/EngineSky/T_Sky_Clouds_M.ubulk" 1008
"../../../Engine/Content/EngineSky/T_Sky_Clouds_M.uasset" 1009
"../../../Engine/Content/EngineSky/T_Sky_Clouds_M.uexp" 1010
"../../../Engine/Content/EngineSky/T_Sky_Blue.ubulk" 1011
"../../../Engine/Content/EngineSky/T_Sky_Blue.uasset" 1012
"../../../Engine/Content/EngineSky/T_Sky_Blue.uexp" 1013
"../../../Engine/Content/EngineSky/M_Sky_Panning_Clouds2.uasset" 1014
"../../../Engine/Content/EngineSky/M_Sky_Panning_Clouds2.uexp" 1015
"../../../Engine/Content/EngineSky/SM_SkySphere.ubulk" 1016
"../../../Engine/Content/EngineSky/SM_SkySphere.uasset" 1017
"../../../Engine/Content/EngineSky/SM_SkySphere.uexp" 1018
"C:/Users/jhade/OneDrive/Documents/basebuild/BaseBuild/Content/Materials/Grass/Grass004_1K-PNG_NormalDX.ubulk" 1019
"C:/Users/jhade/OneDrive/Documents/basebuild/BaseBuild/Content/Materials/Grass/Grass004_1K-PNG_NormalDX.uasset" 1020
"C:/Users/jhade/OneDrive/Documents/basebuild/BaseBuild/Content/Materials/Grass/Grass004_1K-PNG_NormalDX.uexp" 1021
"C:/Users/jhade/OneDrive/Documents/basebuild/BaseBuild/Content/Materials/Grass/Grass004_1K-PNG_Color.ubulk" 1022
"C:/Users/jhade/OneDrive/Documents/basebuild/BaseBuild/Content/Materials/Grass/Grass004_1K-PNG_Color.uasset" 1023
"C:/Users/jhade/OneDrive/Documents/basebuild/BaseBuild/Content/Materials/Grass/Grass004_1K-PNG_Color.uexp" 1024
"../../../Engine/Content/Functions/Engine_MaterialFunctions01/Gradient/LinearGradient.uasset" 1025
"../../../Engine/Content/Functions/Engine_MaterialFunctions01/Gradient/LinearGradient.uexp" 1026
"../../../Engine/Content/Functions/Engine_MaterialFunctions01/ImageAdjustment/CheapContrast.uasset" 1027
"../../../Engine/Content/Functions/Engine_MaterialFunctions01/ImageAdjustment/CheapContrast.uexp" 1028
"C:/Users/jhade/OneDrive/Documents/basebuild/BaseBuild/Content/Materials/Grass/Grass004_1K-PNG_Roughness.ubulk" 1029
"C:/Users/jhade/OneDrive/Documents/basebuild/BaseBuild/Content/Materials/Grass/Grass004_1K-PNG_Roughness.uasset" 1030
"C:/Users/jhade/OneDrive/Documents/basebuild/BaseBuild/Content/Materials/Grass/Grass004_1K-PNG_Roughness.uexp" 1031
"../../../Engine/Content/Functions/Engine_MaterialFunctions01/Texturing/WorldAlignedTexture.uasset" 1032
"../../../Engine/Content/Functions/Engine_MaterialFunctions01/Texturing/WorldAlignedTexture.uexp" 1033
"C:/Users/jhade/OneDrive/Documents/basebuild/BaseBuild/Content/Materials/WorldAlignedMatBase.uasset" 1034
"C:/Users/jhade/OneDrive/Documents/basebuild/BaseBuild/Content/Materials/WorldAlignedMatBase.uexp" 1035
"C:/Users/jhade/OneDrive/Documents/basebuild/BaseBuild/Content/Materials/Grass/M_MapGrass.uasset" 1036
"C:/Users/jhade/OneDrive/Documents/basebuild/BaseBuild/Content/Materials/Grass/M_MapGrass.uexp" 1037
"C:/Users/jhade/OneDrive/Documents/basebuild/BaseBuild/Content/Materials/Sand/Ground080_1K-PNG_Color.ubulk" 1038
"C:/Users/jhade/OneDrive/Documents/basebuild/BaseBuild/Content/Materials/Sand/Ground080_1K-PNG_Color.uasset" 1039
"C:/Users/jhade/OneDrive/Documents/basebuild/BaseBuild/Content/Materials/Sand/Ground080_1K-PNG_Color.uexp" 1040
"C:/Users/jhade/OneDrive/Documents/basebuild/BaseBuild/Content/Materials/Sand/Ground080_1K-PNG_NormalDX.ubulk" 1041
"C:/Users/jhade/OneDrive/Documents/basebuild/BaseBuild/Content/Materials/Sand/Ground080_1K-PNG_NormalDX.uasset" 1042
"C:/Users/jhade/OneDrive/Documents/basebuild/BaseBuild/Content/Materials/Sand/Ground080_1K-PNG_NormalDX.uexp" 1043
"C:/Users/jhade/OneDrive/Documents/basebuild/BaseBuild/Content/Materials/Sand/Ground080_1K-PNG_Roughness.ubulk" 1044
"C:/Users/jhade/OneDrive/Documents/basebuild/BaseBuild/Content/Materials/Sand/Ground080_1K-PNG_Roughness.uasset" 1045
"C:/Users/jhade/OneDrive/Documents/basebuild/BaseBuild/Content/Materials/Sand/Ground080_1K-PNG_Roughness.uexp" 1046
"C:/Users/jhade/OneDrive/Documents/basebuild/BaseBuild/Content/Materials/Sand/M_MapSand.uasset" 1047
"C:/Users/jhade/OneDrive/Documents/basebuild/BaseBuild/Content/Materials/Sand/M_MapSand.uexp" 1048
"C:/Users/jhade/OneDrive/Documents/basebuild/BaseBuild/Content/Materials/Stone/Rock051_1K-PNG_NormalDX.ubulk" 1049
"C:/Users/jhade/OneDrive/Documents/basebuild/BaseBuild/Content/Materials/Stone/Rock051_1K-PNG_NormalDX.uasset" 1050
"C:/Users/jhade/OneDrive/Documents/basebuild/BaseBuild/Content/Materials/Stone/Rock051_1K-PNG_NormalDX.uexp" 1051
"C:/Users/jhade/OneDrive/Documents/basebuild/BaseBuild/Content/Materials/Stone/Rock051_1K-PNG_Roughness.ubulk" 1052
"C:/Users/jhade/OneDrive/Documents/basebuild/BaseBuild/Content/Materials/Stone/Rock051_1K-PNG_Roughness.uasset" 1053
"C:/Users/jhade/OneDrive/Documents/basebuild/BaseBuild/Content/Materials/Stone/Rock051_1K-PNG_Roughness.uexp" 1054
"C:/Users/jhade/OneDrive/Documents/basebuild/BaseBuild/Content/Materials/Stone/Rock051_1K-PNG_Color.ubulk" 1055
"C:/Users/jhade/OneDrive/Documents/basebuild/BaseBuild/Content/Materials/Stone/Rock051_1K-PNG_Color.uasset" 1056
"C:/Users/jhade/OneDrive/Documents/basebuild/BaseBuild/Content/Materials/Stone/Rock051_1K-PNG_Color.uexp" 1057
"C:/Users/jhade/OneDrive/Documents/basebuild/BaseBuild/Content/Materials/Stone/M_MapStone.uasset" 1058
"C:/Users/jhade/OneDrive/Documents/basebuild/BaseBuild/Content/Materials/Stone/M_MapStone.uexp" 1059
"C:/Users/jhade/OneDrive/Documents/basebuild/BaseBuild/Content/Materials/Dirt/TN_Dirt1.ubulk" 1060
"C:/Users/jhade/OneDrive/Documents/basebuild/BaseBuild/Content/Materials/Dirt/TN_Dirt1.uasset" 1061
"C:/Users/jhade/OneDrive/Documents/basebuild/BaseBuild/Content/Materials/Dirt/TN_Dirt1.uexp" 1062
"C:/Users/jhade/OneDrive/Documents/basebuild/BaseBuild/Content/Materials/Dirt/TR_Dirt1.ubulk" 1063
"C:/Users/jhade/OneDrive/Documents/basebuild/BaseBuild/Content/Materials/Dirt/TR_Dirt1.uasset" 1064
"C:/Users/jhade/OneDrive/Documents/basebuild/BaseBuild/Content/Materials/Dirt/TR_Dirt1.uexp" 1065
"C:/Users/jhade/OneDrive/Documents/basebuild/BaseBuild/Content/Materials/Dirt/TA_Dirt1.ubulk" 1066
"C:/Users/jhade/OneDrive/Documents/basebuild/BaseBuild/Content/Materials/Dirt/TA_Dirt1.uasset" 1067
"C:/Users/jhade/OneDrive/Documents/basebuild/BaseBuild/Content/Materials/Dirt/TA_Dirt1.uexp" 1068
"C:/Users/jhade/OneDrive/Documents/basebuild/BaseBuild/Content/Materials/Dirt/M_MapDirt.uasset" 1069
"C:/Users/jhade/OneDrive/Documents/basebuild/BaseBuild/Content/Materials/Dirt/M_MapDirt.uexp" 1070
"C:/Users/jhade/OneDrive/Documents/basebuild/BaseBuild/Content/Materials/LevelPrototyping/Materials/M_Solid.uasset" 1071
"C:/Users/jhade/OneDrive/Documents/basebuild/BaseBuild/Content/Materials/LevelPrototyping/Materials/M_Solid.uexp" 1072
"C:/Users/jhade/OneDrive/Documents/basebuild/BaseBuild/Content/Materials/LevelPrototyping/Materials/MI_Solid_Blue.uasset" 1073
"C:/Users/jhade/OneDrive/Documents/basebuild/BaseBuild/Content/Materials/LevelPrototyping/Materials/MI_Solid_Blue.uexp" 1074
"C:/Users/jhade/OneDrive/Documents/basebuild/BaseBuild/Content/Materials/LevelPrototyping/Meshes/SM_ChamferCube.ubulk" 1075
"C:/Users/jhade/OneDrive/Documents/basebuild/BaseBuild/Content/Materials/LevelPrototyping/Meshes/SM_ChamferCube.uasset" 1076
"C:/Users/jhade/OneDrive/Documents/basebuild/BaseBuild/Content/Materials/LevelPrototyping/Meshes/SM_ChamferCube.uexp" 1077
"C:/Users/jhade/OneDrive/Documents/basebuild/BaseBuild/Content/Blueprints/PickupObject/BaseObject.uasset" 1078
"C:/Users/jhade/OneDrive/Documents/basebuild/BaseBuild/Content/Blueprints/PickupObject/BaseObject.uexp" 1079
"../../../Engine/Content/EngineSky/M_SimpleSkyDome.uasset" 1080
"../../../Engine/Content/EngineSky/M_SimpleSkyDome.uexp" 1081
"C:/Users/jhade/OneDrive/Documents/basebuild/BaseBuild/Content/Blueprints/FirstPerson/Maps/dev_testmap.uexp" 1082
"C:/Users/jhade/OneDrive/Documents/basebuild/BaseBuild/Content/Blueprints/FirstPerson/Maps/dev_testmap.umap" 1083
"../../../Engine/Content/Maps/Entry_BuiltData.uasset" 1084
"../../../Engine/Content/Maps/Entry_BuiltData.uexp" 1085
"../../../Engine/Content/Maps/Entry.uexp" 1086
"../../../Engine/Content/Maps/Entry.umap" 1087
